/home/kejohnson32/miniconda3/envs/hw2/lib/python3.10/site-packages/torch/utils/data/dataloader.py:624: UserWarning: This DataLoader will create 4 worker processes in total. Our suggested max number of worker in current system is 2, which is smaller than what this DataLoader is going to create. Please be aware that excessive worker creation might get DataLoader running slow or even freeze, lower the worker number to avoid potential slowness/freeze if necessary.
  warnings.warn(
Use GPU: 0
Training time data augmentations:
Scale [Shortest side 144]
Random Horizontal Flip
Random Color [Range 0.85 - 1.15]
Random Rotation [Range -15.00 - 15.00 Degree]
Random Crop[Size (128, 128); Area 0.25 - 1.00; Ratio 0.80 - 1.20]
To Tensor()
Normalize(mean=[0.485, 0.456, 0.406], std=[0.229, 0.224, 0.225])

Training the model ...
Epoch: [1][0/390]	Time 5.782 (5.782)	Data 2.262 (2.262)	Loss 4.61 (4.61)	Acc@1 0.39 (0.39)	Acc@5 5.47 (5.47)
Epoch: [1][10/390]	Time 0.214 (0.679)	Data 0.112 (0.270)	Loss 4.60 (4.61)	Acc@1 2.34 (1.17)	Acc@5 5.86 (5.97)
Epoch: [1][20/390]	Time 0.099 (0.510)	Data 0.000 (0.248)	Loss 4.61 (4.61)	Acc@1 0.78 (1.13)	Acc@5 5.08 (5.49)
Epoch: [1][30/390]	Time 0.585 (0.478)	Data 0.480 (0.268)	Loss 4.61 (4.61)	Acc@1 0.00 (1.05)	Acc@5 3.91 (5.41)
Epoch: [1][40/390]	Time 0.099 (0.438)	Data 0.003 (0.256)	Loss 4.60 (4.61)	Acc@1 0.39 (1.01)	Acc@5 4.30 (5.35)
Epoch: [1][50/390]	Time 0.765 (0.434)	Data 0.666 (0.268)	Loss 4.61 (4.61)	Acc@1 1.95 (1.00)	Acc@5 4.69 (5.27)
Epoch: [1][60/390]	Time 0.101 (0.415)	Data 0.001 (0.259)	Loss 4.60 (4.61)	Acc@1 2.34 (0.97)	Acc@5 7.81 (5.24)
Epoch: [1][70/390]	Time 0.856 (0.415)	Data 0.748 (0.268)	Loss 4.61 (4.61)	Acc@1 1.17 (0.96)	Acc@5 6.25 (5.31)
Epoch: [1][80/390]	Time 0.100 (0.402)	Data 0.005 (0.261)	Loss 4.61 (4.61)	Acc@1 0.39 (0.95)	Acc@5 3.12 (5.24)
Epoch: [1][90/390]	Time 0.905 (0.402)	Data 0.798 (0.265)	Loss 4.61 (4.61)	Acc@1 0.39 (0.94)	Acc@5 3.52 (5.15)
Epoch: [1][100/390]	Time 0.101 (0.393)	Data 0.003 (0.260)	Loss 4.60 (4.61)	Acc@1 0.78 (0.92)	Acc@5 3.91 (5.08)
Epoch: [1][110/390]	Time 0.768 (0.394)	Data 0.667 (0.264)	Loss 4.61 (4.61)	Acc@1 0.78 (0.94)	Acc@5 5.08 (5.06)
Epoch: [1][120/390]	Time 0.098 (0.387)	Data 0.000 (0.260)	Loss 4.61 (4.61)	Acc@1 0.78 (0.97)	Acc@5 3.91 (5.08)
Epoch: [1][130/390]	Time 0.689 (0.393)	Data 0.594 (0.267)	Loss 4.61 (4.61)	Acc@1 0.78 (0.99)	Acc@5 5.08 (5.09)
Epoch: [1][140/390]	Time 0.102 (0.388)	Data 0.001 (0.264)	Loss 4.61 (4.61)	Acc@1 0.78 (1.00)	Acc@5 6.25 (5.14)
Epoch: [1][150/390]	Time 0.705 (0.389)	Data 0.609 (0.267)	Loss 4.60 (4.61)	Acc@1 1.95 (0.99)	Acc@5 4.69 (5.16)
Epoch: [1][160/390]	Time 0.274 (0.385)	Data 0.173 (0.265)	Loss 4.61 (4.61)	Acc@1 2.34 (0.99)	Acc@5 6.64 (5.16)
Epoch: [1][170/390]	Time 0.764 (0.386)	Data 0.664 (0.266)	Loss 4.61 (4.61)	Acc@1 0.39 (0.99)	Acc@5 4.69 (5.11)
Epoch: [1][180/390]	Time 0.330 (0.383)	Data 0.220 (0.265)	Loss 4.61 (4.61)	Acc@1 1.17 (0.99)	Acc@5 5.47 (5.09)
Epoch: [1][190/390]	Time 0.782 (0.383)	Data 0.687 (0.266)	Loss 4.60 (4.61)	Acc@1 1.56 (0.99)	Acc@5 4.30 (5.06)
Epoch: [1][200/390]	Time 0.334 (0.381)	Data 0.235 (0.264)	Loss 4.60 (4.61)	Acc@1 0.78 (0.99)	Acc@5 4.30 (5.06)
Epoch: [1][210/390]	Time 0.732 (0.380)	Data 0.636 (0.264)	Loss 4.61 (4.61)	Acc@1 1.17 (0.99)	Acc@5 3.91 (5.03)
Epoch: [1][220/390]	Time 0.223 (0.378)	Data 0.112 (0.263)	Loss 4.61 (4.61)	Acc@1 1.17 (1.00)	Acc@5 6.25 (5.03)
Epoch: [1][230/390]	Time 0.581 (0.378)	Data 0.481 (0.263)	Loss 4.61 (4.61)	Acc@1 1.56 (1.00)	Acc@5 4.30 (5.04)
Epoch: [1][240/390]	Time 0.378 (0.377)	Data 0.265 (0.263)	Loss 4.61 (4.61)	Acc@1 0.00 (1.00)	Acc@5 3.12 (5.04)
Epoch: [1][250/390]	Time 0.403 (0.376)	Data 0.300 (0.263)	Loss 4.61 (4.61)	Acc@1 0.78 (1.00)	Acc@5 2.73 (5.03)
Epoch: [1][260/390]	Time 0.541 (0.376)	Data 0.438 (0.263)	Loss 4.61 (4.61)	Acc@1 0.78 (1.00)	Acc@5 2.34 (5.01)
Epoch: [1][270/390]	Time 0.257 (0.374)	Data 0.153 (0.261)	Loss 4.60 (4.61)	Acc@1 0.39 (1.00)	Acc@5 6.64 (5.02)
Epoch: [1][280/390]	Time 0.551 (0.374)	Data 0.454 (0.262)	Loss 4.60 (4.61)	Acc@1 2.34 (1.02)	Acc@5 7.42 (5.03)
Epoch: [1][290/390]	Time 0.487 (0.376)	Data 0.384 (0.264)	Loss 4.60 (4.61)	Acc@1 1.56 (1.01)	Acc@5 6.25 (5.05)
Epoch: [1][300/390]	Time 0.626 (0.375)	Data 0.526 (0.264)	Loss 4.60 (4.61)	Acc@1 1.17 (1.02)	Acc@5 7.42 (5.09)
Epoch: [1][310/390]	Time 0.412 (0.374)	Data 0.307 (0.263)	Loss 4.60 (4.61)	Acc@1 1.95 (1.03)	Acc@5 4.69 (5.07)
Epoch: [1][320/390]	Time 0.800 (0.375)	Data 0.689 (0.264)	Loss 4.61 (4.61)	Acc@1 1.17 (1.03)	Acc@5 5.47 (5.08)
Epoch: [1][330/390]	Time 0.573 (0.374)	Data 0.466 (0.263)	Loss 4.61 (4.61)	Acc@1 1.56 (1.03)	Acc@5 5.86 (5.07)
Epoch: [1][340/390]	Time 0.782 (0.373)	Data 0.679 (0.263)	Loss 4.61 (4.61)	Acc@1 1.17 (1.02)	Acc@5 4.30 (5.06)
Epoch: [1][350/390]	Time 0.386 (0.373)	Data 0.282 (0.262)	Loss 4.61 (4.61)	Acc@1 1.56 (1.02)	Acc@5 3.91 (5.05)
Epoch: [1][360/390]	Time 0.841 (0.373)	Data 0.737 (0.263)	Loss 4.60 (4.61)	Acc@1 0.39 (1.01)	Acc@5 5.86 (5.03)
Epoch: [1][370/390]	Time 0.222 (0.371)	Data 0.113 (0.261)	Loss 4.61 (4.61)	Acc@1 0.39 (1.01)	Acc@5 3.91 (5.02)
Epoch: [1][380/390]	Time 0.957 (0.372)	Data 0.861 (0.262)	Loss 4.61 (4.61)	Acc@1 0.39 (1.00)	Acc@5 5.47 (5.02)
[Training]: Epoch 1 finished with lr=0.020010
Test: [0/100]	Time 1.138 (1.138)	Acc@1 2.00 (2.00)	Acc@5 7.00 (7.00)
Test: [10/100]	Time 0.070 (0.151)	Acc@1 1.00 (0.91)	Acc@5 4.00 (4.27)
Test: [20/100]	Time 0.020 (0.115)	Acc@1 3.00 (1.29)	Acc@5 6.00 (4.95)
Test: [30/100]	Time 0.022 (0.114)	Acc@1 0.00 (1.19)	Acc@5 5.00 (4.74)
Test: [40/100]	Time 0.026 (0.106)	Acc@1 2.00 (1.02)	Acc@5 5.00 (4.59)
Test: [50/100]	Time 0.077 (0.107)	Acc@1 0.00 (1.06)	Acc@5 5.00 (4.78)
Test: [60/100]	Time 0.032 (0.102)	Acc@1 1.00 (1.07)	Acc@5 6.00 (5.00)
Test: [70/100]	Time 0.084 (0.103)	Acc@1 1.00 (1.00)	Acc@5 7.00 (4.96)
Test: [80/100]	Time 0.035 (0.100)	Acc@1 2.00 (0.99)	Acc@5 7.00 (5.04)
Test: [90/100]	Time 0.148 (0.101)	Acc@1 2.00 (0.99)	Acc@5 8.00 (5.00)
******Acc@1 1.000 Acc@5 4.950
Epoch: [2][0/390]	Time 1.966 (1.966)	Data 1.808 (1.808)	Loss 4.61 (4.61)	Acc@1 2.34 (2.34)	Acc@5 7.42 (7.42)
Epoch: [2][10/390]	Time 0.108 (0.460)	Data 0.000 (0.345)	Loss 4.61 (4.61)	Acc@1 0.78 (0.99)	Acc@5 5.08 (5.54)
Epoch: [2][20/390]	Time 1.153 (0.433)	Data 1.052 (0.323)	Loss 4.60 (4.61)	Acc@1 0.78 (1.13)	Acc@5 5.86 (5.36)
Epoch: [2][30/390]	Time 0.117 (0.386)	Data 0.006 (0.278)	Loss 4.60 (4.61)	Acc@1 0.39 (1.10)	Acc@5 4.30 (5.27)
Epoch: [2][40/390]	Time 1.109 (0.404)	Data 1.012 (0.296)	Loss 4.60 (4.61)	Acc@1 0.39 (0.95)	Acc@5 5.47 (5.18)
Epoch: [2][50/390]	Time 0.105 (0.384)	Data 0.000 (0.277)	Loss 4.60 (4.61)	Acc@1 2.34 (0.97)	Acc@5 8.98 (5.15)
Epoch: [2][60/390]	Time 1.076 (0.389)	Data 0.974 (0.282)	Loss 4.61 (4.61)	Acc@1 0.00 (0.97)	Acc@5 5.47 (5.05)
Epoch: [2][70/390]	Time 0.110 (0.378)	Data 0.011 (0.272)	Loss 4.60 (4.61)	Acc@1 1.56 (0.98)	Acc@5 4.30 (5.03)
Epoch: [2][80/390]	Time 1.040 (0.379)	Data 0.940 (0.274)	Loss 4.60 (4.61)	Acc@1 4.30 (1.05)	Acc@5 7.42 (5.07)
Epoch: [2][90/390]	Time 0.106 (0.371)	Data 0.001 (0.266)	Loss 4.61 (4.61)	Acc@1 0.78 (1.09)	Acc@5 7.03 (5.20)
Epoch: [2][100/390]	Time 1.120 (0.374)	Data 1.005 (0.268)	Loss 4.61 (4.61)	Acc@1 0.78 (1.06)	Acc@5 4.30 (5.22)
Epoch: [2][110/390]	Time 0.109 (0.368)	Data 0.005 (0.262)	Loss 4.60 (4.61)	Acc@1 0.39 (1.03)	Acc@5 5.47 (5.22)
Epoch: [2][120/390]	Time 1.124 (0.370)	Data 1.006 (0.264)	Loss 4.60 (4.61)	Acc@1 0.39 (1.02)	Acc@5 5.86 (5.17)
Epoch: [2][130/390]	Time 0.107 (0.365)	Data 0.003 (0.259)	Loss 4.61 (4.61)	Acc@1 0.39 (1.02)	Acc@5 5.08 (5.15)
Epoch: [2][140/390]	Time 1.046 (0.367)	Data 0.937 (0.261)	Loss 4.60 (4.61)	Acc@1 0.78 (1.01)	Acc@5 6.64 (5.15)
Epoch: [2][150/390]	Time 0.117 (0.363)	Data 0.009 (0.257)	Loss 4.60 (4.61)	Acc@1 1.17 (1.00)	Acc@5 6.64 (5.16)
Epoch: [2][160/390]	Time 0.913 (0.365)	Data 0.812 (0.259)	Loss 4.61 (4.61)	Acc@1 0.78 (1.02)	Acc@5 3.91 (5.15)
Epoch: [2][170/390]	Time 0.108 (0.361)	Data 0.000 (0.255)	Loss 4.61 (4.61)	Acc@1 1.17 (1.00)	Acc@5 3.12 (5.11)
Epoch: [2][180/390]	Time 0.992 (0.363)	Data 0.873 (0.257)	Loss 4.61 (4.61)	Acc@1 0.39 (0.99)	Acc@5 3.12 (5.05)
Epoch: [2][190/390]	Time 0.110 (0.360)	Data 0.000 (0.254)	Loss 4.60 (4.61)	Acc@1 0.39 (0.99)	Acc@5 4.30 (5.04)
Epoch: [2][200/390]	Time 1.443 (0.365)	Data 1.337 (0.258)	Loss 4.61 (4.61)	Acc@1 1.17 (0.99)	Acc@5 4.30 (5.04)
Epoch: [2][210/390]	Time 0.108 (0.362)	Data 0.008 (0.256)	Loss 4.61 (4.61)	Acc@1 1.56 (0.99)	Acc@5 4.30 (5.07)
Epoch: [2][220/390]	Time 1.045 (0.364)	Data 0.944 (0.257)	Loss 4.61 (4.61)	Acc@1 1.17 (0.98)	Acc@5 5.86 (5.06)
Epoch: [2][230/390]	Time 0.109 (0.361)	Data 0.003 (0.255)	Loss 4.61 (4.61)	Acc@1 2.34 (1.00)	Acc@5 7.42 (5.04)
Epoch: [2][240/390]	Time 1.112 (0.364)	Data 1.009 (0.257)	Loss 4.60 (4.61)	Acc@1 0.78 (1.01)	Acc@5 5.08 (5.02)
Epoch: [2][250/390]	Time 0.117 (0.361)	Data 0.000 (0.255)	Loss 4.61 (4.61)	Acc@1 0.78 (1.01)	Acc@5 5.08 (5.05)
Epoch: [2][260/390]	Time 1.187 (0.362)	Data 1.084 (0.256)	Loss 4.61 (4.61)	Acc@1 0.39 (1.01)	Acc@5 5.08 (5.08)
Epoch: [2][270/390]	Time 0.121 (0.360)	Data 0.000 (0.254)	Loss 4.61 (4.61)	Acc@1 0.39 (1.00)	Acc@5 4.69 (5.06)
Epoch: [2][280/390]	Time 1.020 (0.362)	Data 0.917 (0.255)	Loss 4.60 (4.61)	Acc@1 1.95 (1.02)	Acc@5 7.42 (5.09)
Epoch: [2][290/390]	Time 0.109 (0.360)	Data 0.000 (0.253)	Loss 4.60 (4.61)	Acc@1 0.00 (1.01)	Acc@5 4.69 (5.10)
Epoch: [2][300/390]	Time 1.102 (0.361)	Data 1.001 (0.254)	Loss 4.60 (4.61)	Acc@1 1.56 (1.01)	Acc@5 7.03 (5.10)
Epoch: [2][310/390]	Time 0.103 (0.359)	Data 0.000 (0.253)	Loss 4.61 (4.61)	Acc@1 0.00 (1.01)	Acc@5 3.91 (5.10)
Epoch: [2][320/390]	Time 1.042 (0.360)	Data 0.937 (0.254)	Loss 4.60 (4.61)	Acc@1 1.56 (1.02)	Acc@5 8.20 (5.14)
Epoch: [2][330/390]	Time 0.128 (0.359)	Data 0.012 (0.252)	Loss 4.60 (4.60)	Acc@1 2.34 (1.03)	Acc@5 8.59 (5.19)
Epoch: [2][340/390]	Time 1.002 (0.360)	Data 0.895 (0.253)	Loss 4.60 (4.60)	Acc@1 1.17 (1.04)	Acc@5 7.03 (5.24)
Epoch: [2][350/390]	Time 0.105 (0.358)	Data 0.003 (0.252)	Loss 4.60 (4.60)	Acc@1 1.17 (1.05)	Acc@5 3.91 (5.27)
Epoch: [2][360/390]	Time 1.060 (0.359)	Data 0.951 (0.253)	Loss 4.58 (4.60)	Acc@1 1.17 (1.05)	Acc@5 5.47 (5.29)
Epoch: [2][370/390]	Time 0.116 (0.357)	Data 0.012 (0.251)	Loss 4.58 (4.60)	Acc@1 0.78 (1.05)	Acc@5 6.64 (5.31)
Epoch: [2][380/390]	Time 0.971 (0.360)	Data 0.856 (0.253)	Loss 4.57 (4.60)	Acc@1 0.00 (1.05)	Acc@5 4.69 (5.34)
[Training]: Epoch 2 finished with lr=0.040021
Test: [0/100]	Time 0.561 (0.561)	Acc@1 1.00 (1.00)	Acc@5 6.00 (6.00)
Test: [10/100]	Time 0.035 (0.121)	Acc@1 2.00 (1.36)	Acc@5 6.00 (8.18)
Test: [20/100]	Time 0.286 (0.115)	Acc@1 2.00 (1.24)	Acc@5 7.00 (7.24)
Test: [30/100]	Time 0.020 (0.106)	Acc@1 0.00 (1.35)	Acc@5 11.00 (7.58)
Test: [40/100]	Time 0.292 (0.107)	Acc@1 1.00 (1.32)	Acc@5 5.00 (7.32)
Test: [50/100]	Time 0.024 (0.102)	Acc@1 0.00 (1.25)	Acc@5 6.00 (7.51)
Test: [60/100]	Time 0.261 (0.102)	Acc@1 1.00 (1.23)	Acc@5 10.00 (7.59)
Test: [70/100]	Time 0.028 (0.100)	Acc@1 0.00 (1.25)	Acc@5 6.00 (7.72)
Test: [80/100]	Time 0.253 (0.101)	Acc@1 2.00 (1.37)	Acc@5 8.00 (7.73)
Test: [90/100]	Time 0.023 (0.099)	Acc@1 3.00 (1.41)	Acc@5 12.00 (7.76)
******Acc@1 1.330 Acc@5 7.530
Epoch: [3][0/390]	Time 1.799 (1.799)	Data 1.655 (1.655)	Loss 4.58 (4.58)	Acc@1 2.34 (2.34)	Acc@5 6.25 (6.25)
Epoch: [3][10/390]	Time 0.109 (0.437)	Data 0.001 (0.323)	Loss 4.58 (4.58)	Acc@1 0.78 (1.38)	Acc@5 5.47 (7.14)
Epoch: [3][20/390]	Time 1.115 (0.420)	Data 1.014 (0.311)	Loss 4.57 (4.58)	Acc@1 3.52 (1.51)	Acc@5 7.03 (7.40)
Epoch: [3][30/390]	Time 0.110 (0.384)	Data 0.011 (0.276)	Loss 4.58 (4.57)	Acc@1 0.78 (1.41)	Acc@5 5.47 (7.70)
Epoch: [3][40/390]	Time 1.211 (0.390)	Data 1.102 (0.282)	Loss 4.55 (4.57)	Acc@1 1.17 (1.40)	Acc@5 7.42 (7.75)
Epoch: [3][50/390]	Time 0.120 (0.369)	Data 0.000 (0.261)	Loss 4.52 (4.56)	Acc@1 2.34 (1.56)	Acc@5 11.72 (7.98)
Epoch: [3][60/390]	Time 1.017 (0.377)	Data 0.914 (0.269)	Loss 4.53 (4.55)	Acc@1 1.56 (1.66)	Acc@5 8.59 (8.06)
Epoch: [3][70/390]	Time 0.111 (0.369)	Data 0.000 (0.261)	Loss 4.47 (4.55)	Acc@1 2.73 (1.78)	Acc@5 11.72 (8.35)
Epoch: [3][80/390]	Time 0.917 (0.371)	Data 0.801 (0.263)	Loss 4.49 (4.54)	Acc@1 2.34 (1.94)	Acc@5 8.59 (8.51)
Epoch: [3][90/390]	Time 0.107 (0.367)	Data 0.000 (0.260)	Loss 4.44 (4.54)	Acc@1 2.73 (1.93)	Acc@5 12.89 (8.58)
Epoch: [3][100/390]	Time 0.639 (0.365)	Data 0.539 (0.258)	Loss 4.51 (4.53)	Acc@1 1.17 (1.89)	Acc@5 6.64 (8.58)
Epoch: [3][110/390]	Time 0.130 (0.362)	Data 0.014 (0.255)	Loss 4.45 (4.53)	Acc@1 0.78 (1.87)	Acc@5 8.59 (8.59)
Epoch: [3][120/390]	Time 1.513 (0.369)	Data 1.410 (0.261)	Loss 4.44 (4.52)	Acc@1 2.34 (1.87)	Acc@5 10.16 (8.63)
Epoch: [3][130/390]	Time 0.103 (0.365)	Data 0.000 (0.257)	Loss 4.47 (4.52)	Acc@1 1.95 (1.90)	Acc@5 8.59 (8.73)
Epoch: [3][140/390]	Time 0.977 (0.366)	Data 0.872 (0.259)	Loss 4.43 (4.51)	Acc@1 3.12 (1.93)	Acc@5 10.55 (8.78)
Epoch: [3][150/390]	Time 0.124 (0.363)	Data 0.008 (0.255)	Loss 4.46 (4.51)	Acc@1 0.78 (1.94)	Acc@5 6.25 (8.77)
Epoch: [3][160/390]	Time 0.948 (0.365)	Data 0.840 (0.257)	Loss 4.45 (4.50)	Acc@1 2.73 (1.97)	Acc@5 7.81 (8.77)
Epoch: [3][170/390]	Time 0.108 (0.362)	Data 0.000 (0.254)	Loss 4.49 (4.50)	Acc@1 2.34 (1.97)	Acc@5 9.38 (8.80)
Epoch: [3][180/390]	Time 0.963 (0.363)	Data 0.845 (0.255)	Loss 4.40 (4.50)	Acc@1 2.73 (2.00)	Acc@5 12.50 (8.87)
Epoch: [3][190/390]	Time 0.110 (0.361)	Data 0.000 (0.254)	Loss 4.46 (4.49)	Acc@1 1.56 (2.01)	Acc@5 8.20 (8.90)
Epoch: [3][200/390]	Time 0.652 (0.361)	Data 0.550 (0.254)	Loss 4.47 (4.49)	Acc@1 1.95 (2.03)	Acc@5 9.38 (8.96)
Epoch: [3][210/390]	Time 0.103 (0.360)	Data 0.001 (0.253)	Loss 4.48 (4.49)	Acc@1 3.12 (2.03)	Acc@5 10.94 (9.02)
Epoch: [3][220/390]	Time 0.919 (0.367)	Data 0.809 (0.260)	Loss 4.38 (4.49)	Acc@1 2.34 (2.04)	Acc@5 9.77 (9.13)
Epoch: [3][230/390]	Time 0.114 (0.378)	Data 0.000 (0.270)	Loss 4.45 (4.48)	Acc@1 2.73 (2.05)	Acc@5 7.42 (9.13)
Epoch: [3][240/390]	Time 1.298 (0.389)	Data 1.190 (0.281)	Loss 4.46 (4.48)	Acc@1 1.17 (2.07)	Acc@5 7.42 (9.18)
Epoch: [3][250/390]	Time 0.115 (0.393)	Data 0.008 (0.285)	Loss 4.46 (4.48)	Acc@1 0.39 (2.06)	Acc@5 8.98 (9.22)
Epoch: [3][260/390]	Time 0.663 (0.391)	Data 0.559 (0.283)	Loss 4.45 (4.48)	Acc@1 1.17 (2.03)	Acc@5 8.98 (9.24)
Epoch: [3][270/390]	Time 0.118 (0.391)	Data 0.010 (0.283)	Loss 4.43 (4.47)	Acc@1 2.34 (2.03)	Acc@5 8.98 (9.27)
Epoch: [3][280/390]	Time 0.854 (0.391)	Data 0.746 (0.283)	Loss 4.45 (4.47)	Acc@1 1.56 (2.02)	Acc@5 8.98 (9.23)
Epoch: [3][290/390]	Time 0.108 (0.388)	Data 0.000 (0.280)	Loss 4.37 (4.47)	Acc@1 3.91 (2.03)	Acc@5 12.50 (9.32)
Epoch: [3][300/390]	Time 0.788 (0.388)	Data 0.684 (0.280)	Loss 4.36 (4.47)	Acc@1 3.52 (2.05)	Acc@5 14.06 (9.36)
Epoch: [3][310/390]	Time 0.108 (0.386)	Data 0.000 (0.278)	Loss 4.39 (4.46)	Acc@1 3.12 (2.07)	Acc@5 13.67 (9.45)
Epoch: [3][320/390]	Time 0.702 (0.385)	Data 0.593 (0.277)	Loss 4.47 (4.46)	Acc@1 1.56 (2.08)	Acc@5 9.38 (9.53)
Epoch: [3][330/390]	Time 0.120 (0.384)	Data 0.000 (0.276)	Loss 4.33 (4.46)	Acc@1 2.73 (2.11)	Acc@5 12.50 (9.61)
Epoch: [3][340/390]	Time 0.694 (0.383)	Data 0.580 (0.275)	Loss 4.41 (4.46)	Acc@1 1.56 (2.13)	Acc@5 11.33 (9.68)
Epoch: [3][350/390]	Time 0.120 (0.382)	Data 0.008 (0.273)	Loss 4.33 (4.46)	Acc@1 2.34 (2.15)	Acc@5 13.28 (9.75)
Epoch: [3][360/390]	Time 0.593 (0.381)	Data 0.493 (0.273)	Loss 4.40 (4.45)	Acc@1 1.56 (2.17)	Acc@5 9.77 (9.79)
Epoch: [3][370/390]	Time 0.107 (0.380)	Data 0.000 (0.272)	Loss 4.46 (4.45)	Acc@1 0.78 (2.18)	Acc@5 10.16 (9.84)
Epoch: [3][380/390]	Time 0.709 (0.379)	Data 0.587 (0.271)	Loss 4.40 (4.45)	Acc@1 1.95 (2.20)	Acc@5 10.55 (9.90)
[Training]: Epoch 3 finished with lr=0.060031
Test: [0/100]	Time 0.533 (0.533)	Acc@1 4.00 (4.00)	Acc@5 13.00 (13.00)
Test: [10/100]	Time 0.014 (0.126)	Acc@1 1.00 (3.82)	Acc@5 7.00 (14.18)
Test: [20/100]	Time 0.333 (0.118)	Acc@1 5.00 (3.86)	Acc@5 19.00 (13.86)
Test: [30/100]	Time 0.018 (0.104)	Acc@1 1.00 (3.65)	Acc@5 10.00 (13.39)
Test: [40/100]	Time 0.265 (0.104)	Acc@1 5.00 (3.73)	Acc@5 14.00 (13.41)
Test: [50/100]	Time 0.031 (0.100)	Acc@1 3.00 (3.59)	Acc@5 13.00 (13.53)
Test: [60/100]	Time 0.272 (0.101)	Acc@1 5.00 (3.74)	Acc@5 15.00 (13.82)
Test: [70/100]	Time 0.044 (0.098)	Acc@1 3.00 (3.63)	Acc@5 9.00 (13.61)
Test: [80/100]	Time 0.267 (0.099)	Acc@1 3.00 (3.64)	Acc@5 15.00 (13.70)
Test: [90/100]	Time 0.056 (0.097)	Acc@1 4.00 (3.60)	Acc@5 17.00 (13.75)
******Acc@1 3.600 Acc@5 13.830
Epoch: [4][0/390]	Time 1.771 (1.771)	Data 1.609 (1.609)	Loss 4.36 (4.36)	Acc@1 3.91 (3.91)	Acc@5 14.06 (14.06)
Epoch: [4][10/390]	Time 0.116 (0.440)	Data 0.000 (0.325)	Loss 4.34 (4.36)	Acc@1 4.30 (3.30)	Acc@5 14.06 (13.21)
Epoch: [4][20/390]	Time 1.654 (0.446)	Data 1.531 (0.333)	Loss 4.36 (4.36)	Acc@1 1.17 (3.27)	Acc@5 11.33 (13.02)
Epoch: [4][30/390]	Time 0.106 (0.402)	Data 0.005 (0.291)	Loss 4.36 (4.37)	Acc@1 3.12 (3.39)	Acc@5 14.06 (13.10)
Epoch: [4][40/390]	Time 1.059 (0.403)	Data 0.955 (0.292)	Loss 4.36 (4.37)	Acc@1 2.34 (3.30)	Acc@5 14.84 (13.24)
Epoch: [4][50/390]	Time 0.103 (0.383)	Data 0.000 (0.273)	Loss 4.33 (4.37)	Acc@1 2.34 (3.26)	Acc@5 10.94 (13.33)
Epoch: [4][60/390]	Time 1.147 (0.391)	Data 1.042 (0.281)	Loss 4.34 (4.37)	Acc@1 6.64 (3.33)	Acc@5 12.50 (13.25)
Epoch: [4][70/390]	Time 0.106 (0.378)	Data 0.003 (0.269)	Loss 4.38 (4.36)	Acc@1 4.30 (3.34)	Acc@5 15.23 (13.36)
Epoch: [4][80/390]	Time 0.965 (0.380)	Data 0.864 (0.271)	Loss 4.42 (4.36)	Acc@1 3.12 (3.32)	Acc@5 12.50 (13.33)
Epoch: [4][90/390]	Time 0.110 (0.373)	Data 0.004 (0.264)	Loss 4.29 (4.36)	Acc@1 4.69 (3.40)	Acc@5 13.67 (13.38)
Epoch: [4][100/390]	Time 1.044 (0.375)	Data 0.942 (0.266)	Loss 4.25 (4.36)	Acc@1 5.08 (3.39)	Acc@5 14.84 (13.34)
Epoch: [4][110/390]	Time 0.106 (0.368)	Data 0.003 (0.260)	Loss 4.36 (4.36)	Acc@1 3.52 (3.35)	Acc@5 13.28 (13.36)
Epoch: [4][120/390]	Time 1.075 (0.370)	Data 0.972 (0.262)	Loss 4.37 (4.36)	Acc@1 0.78 (3.32)	Acc@5 11.33 (13.32)
Epoch: [4][130/390]	Time 0.110 (0.365)	Data 0.000 (0.257)	Loss 4.29 (4.35)	Acc@1 3.52 (3.33)	Acc@5 13.67 (13.42)
Epoch: [4][140/390]	Time 0.980 (0.367)	Data 0.869 (0.259)	Loss 4.24 (4.35)	Acc@1 4.30 (3.31)	Acc@5 16.80 (13.42)
Epoch: [4][150/390]	Time 0.362 (0.365)	Data 0.260 (0.256)	Loss 4.33 (4.35)	Acc@1 2.34 (3.32)	Acc@5 18.75 (13.53)
Epoch: [4][160/390]	Time 0.848 (0.365)	Data 0.743 (0.256)	Loss 4.24 (4.34)	Acc@1 4.69 (3.36)	Acc@5 17.19 (13.67)
Epoch: [4][170/390]	Time 0.486 (0.363)	Data 0.372 (0.254)	Loss 4.33 (4.34)	Acc@1 3.12 (3.34)	Acc@5 14.06 (13.65)
Epoch: [4][180/390]	Time 0.988 (0.364)	Data 0.879 (0.255)	Loss 4.29 (4.34)	Acc@1 5.08 (3.39)	Acc@5 17.58 (13.77)
Epoch: [4][190/390]	Time 0.139 (0.364)	Data 0.026 (0.255)	Loss 4.38 (4.34)	Acc@1 1.95 (3.38)	Acc@5 14.06 (13.93)
Epoch: [4][200/390]	Time 1.040 (0.366)	Data 0.940 (0.257)	Loss 4.26 (4.34)	Acc@1 5.47 (3.42)	Acc@5 14.84 (13.99)
Epoch: [4][210/390]	Time 0.102 (0.363)	Data 0.000 (0.254)	Loss 4.32 (4.34)	Acc@1 5.47 (3.43)	Acc@5 15.62 (14.06)
Epoch: [4][220/390]	Time 1.088 (0.364)	Data 0.988 (0.256)	Loss 4.33 (4.34)	Acc@1 4.69 (3.44)	Acc@5 16.80 (14.15)
Epoch: [4][230/390]	Time 0.228 (0.362)	Data 0.127 (0.254)	Loss 4.23 (4.33)	Acc@1 3.52 (3.51)	Acc@5 16.02 (14.24)
Epoch: [4][240/390]	Time 0.831 (0.362)	Data 0.731 (0.254)	Loss 4.28 (4.33)	Acc@1 4.69 (3.54)	Acc@5 19.53 (14.34)
Epoch: [4][250/390]	Time 0.415 (0.361)	Data 0.310 (0.253)	Loss 4.24 (4.33)	Acc@1 2.73 (3.57)	Acc@5 15.62 (14.47)
Epoch: [4][260/390]	Time 0.720 (0.361)	Data 0.621 (0.253)	Loss 4.18 (4.32)	Acc@1 4.69 (3.62)	Acc@5 21.88 (14.58)
Epoch: [4][270/390]	Time 0.617 (0.361)	Data 0.518 (0.253)	Loss 4.30 (4.32)	Acc@1 6.25 (3.66)	Acc@5 16.02 (14.65)
Epoch: [4][280/390]	Time 0.379 (0.360)	Data 0.275 (0.252)	Loss 4.28 (4.32)	Acc@1 3.52 (3.70)	Acc@5 16.02 (14.75)
Epoch: [4][290/390]	Time 0.687 (0.360)	Data 0.579 (0.253)	Loss 4.20 (4.32)	Acc@1 6.64 (3.73)	Acc@5 21.88 (14.82)
Epoch: [4][300/390]	Time 0.484 (0.360)	Data 0.380 (0.252)	Loss 4.31 (4.31)	Acc@1 4.30 (3.75)	Acc@5 18.36 (14.93)
Epoch: [4][310/390]	Time 0.673 (0.360)	Data 0.571 (0.252)	Loss 4.25 (4.31)	Acc@1 5.86 (3.79)	Acc@5 17.97 (15.01)
Epoch: [4][320/390]	Time 0.665 (0.360)	Data 0.546 (0.252)	Loss 4.20 (4.31)	Acc@1 7.42 (3.85)	Acc@5 17.97 (15.16)
Epoch: [4][330/390]	Time 0.524 (0.359)	Data 0.414 (0.251)	Loss 4.15 (4.31)	Acc@1 9.38 (3.89)	Acc@5 23.05 (15.31)
Epoch: [4][340/390]	Time 0.892 (0.359)	Data 0.789 (0.251)	Loss 4.16 (4.30)	Acc@1 7.81 (3.93)	Acc@5 21.88 (15.43)
Epoch: [4][350/390]	Time 0.315 (0.358)	Data 0.205 (0.250)	Loss 4.09 (4.30)	Acc@1 5.86 (3.99)	Acc@5 21.88 (15.55)
Epoch: [4][360/390]	Time 0.628 (0.360)	Data 0.524 (0.252)	Loss 4.27 (4.30)	Acc@1 5.47 (4.05)	Acc@5 19.14 (15.66)
Epoch: [4][370/390]	Time 0.593 (0.359)	Data 0.493 (0.252)	Loss 4.14 (4.29)	Acc@1 8.20 (4.09)	Acc@5 23.05 (15.81)
Epoch: [4][380/390]	Time 0.433 (0.359)	Data 0.335 (0.251)	Loss 4.16 (4.29)	Acc@1 5.86 (4.13)	Acc@5 21.09 (15.93)
[Training]: Epoch 4 finished with lr=0.080041
Test: [0/100]	Time 0.538 (0.538)	Acc@1 9.00 (9.00)	Acc@5 24.00 (24.00)
Test: [10/100]	Time 0.096 (0.124)	Acc@1 7.00 (8.00)	Acc@5 26.00 (24.09)
Test: [20/100]	Time 0.230 (0.114)	Acc@1 5.00 (7.19)	Acc@5 18.00 (23.71)
Test: [30/100]	Time 0.036 (0.106)	Acc@1 6.00 (7.10)	Acc@5 22.00 (23.35)
Test: [40/100]	Time 0.122 (0.106)	Acc@1 13.00 (6.93)	Acc@5 27.00 (23.12)
Test: [50/100]	Time 0.025 (0.101)	Acc@1 6.00 (6.76)	Acc@5 20.00 (22.92)
Test: [60/100]	Time 0.027 (0.102)	Acc@1 7.00 (6.74)	Acc@5 24.00 (22.62)
Test: [70/100]	Time 0.036 (0.099)	Acc@1 4.00 (6.72)	Acc@5 21.00 (22.79)
Test: [80/100]	Time 0.029 (0.100)	Acc@1 2.00 (6.81)	Acc@5 23.00 (22.75)
Test: [90/100]	Time 0.030 (0.098)	Acc@1 10.00 (6.89)	Acc@5 28.00 (23.01)
******Acc@1 6.830 Acc@5 23.150
Epoch: [5][0/390]	Time 1.669 (1.669)	Data 1.509 (1.509)	Loss 4.12 (4.12)	Acc@1 6.64 (6.64)	Acc@5 22.27 (22.27)
Epoch: [5][10/390]	Time 0.107 (0.436)	Data 0.000 (0.323)	Loss 4.09 (4.17)	Acc@1 7.03 (5.58)	Acc@5 21.48 (19.85)
Epoch: [5][20/390]	Time 1.051 (0.427)	Data 0.943 (0.314)	Loss 4.09 (4.16)	Acc@1 5.86 (5.34)	Acc@5 21.88 (20.09)
Epoch: [5][30/390]	Time 0.104 (0.387)	Data 0.000 (0.278)	Loss 4.18 (4.17)	Acc@1 3.91 (5.41)	Acc@5 21.09 (19.64)
Epoch: [5][40/390]	Time 1.174 (0.396)	Data 1.066 (0.287)	Loss 4.20 (4.16)	Acc@1 5.86 (5.41)	Acc@5 24.22 (19.81)
Epoch: [5][50/390]	Time 0.124 (0.380)	Data 0.004 (0.271)	Loss 4.18 (4.17)	Acc@1 5.86 (5.49)	Acc@5 17.58 (19.81)
Epoch: [5][60/390]	Time 1.148 (0.384)	Data 1.049 (0.276)	Loss 4.15 (4.17)	Acc@1 4.69 (5.52)	Acc@5 21.09 (20.08)
Epoch: [5][70/390]	Time 0.111 (0.373)	Data 0.000 (0.265)	Loss 4.08 (4.16)	Acc@1 4.69 (5.60)	Acc@5 25.39 (20.33)
Epoch: [5][80/390]	Time 1.080 (0.378)	Data 0.975 (0.270)	Loss 4.14 (4.16)	Acc@1 6.25 (5.60)	Acc@5 21.09 (20.24)
Epoch: [5][90/390]	Time 0.104 (0.371)	Data 0.001 (0.263)	Loss 4.07 (4.16)	Acc@1 7.81 (5.80)	Acc@5 21.48 (20.50)
Epoch: [5][100/390]	Time 1.096 (0.374)	Data 0.995 (0.266)	Loss 4.19 (4.16)	Acc@1 5.47 (5.80)	Acc@5 20.31 (20.54)
Epoch: [5][110/390]	Time 0.104 (0.373)	Data 0.000 (0.265)	Loss 4.11 (4.16)	Acc@1 7.81 (5.86)	Acc@5 24.61 (20.62)
Epoch: [5][120/390]	Time 1.155 (0.376)	Data 1.044 (0.268)	Loss 4.18 (4.15)	Acc@1 1.95 (5.83)	Acc@5 19.14 (20.71)
Epoch: [5][130/390]	Time 0.107 (0.370)	Data 0.001 (0.262)	Loss 4.05 (4.15)	Acc@1 7.03 (5.86)	Acc@5 24.61 (20.77)
Epoch: [5][140/390]	Time 1.015 (0.372)	Data 0.902 (0.264)	Loss 4.13 (4.15)	Acc@1 5.08 (5.85)	Acc@5 22.27 (20.67)
Epoch: [5][150/390]	Time 0.101 (0.368)	Data 0.000 (0.260)	Loss 4.11 (4.15)	Acc@1 7.03 (5.84)	Acc@5 23.83 (20.66)
Epoch: [5][160/390]	Time 1.089 (0.370)	Data 0.992 (0.263)	Loss 4.18 (4.15)	Acc@1 6.25 (5.88)	Acc@5 19.14 (20.74)
Epoch: [5][170/390]	Time 0.106 (0.366)	Data 0.000 (0.259)	Loss 3.97 (4.15)	Acc@1 6.64 (5.91)	Acc@5 26.95 (20.98)
Epoch: [5][180/390]	Time 1.113 (0.368)	Data 1.010 (0.261)	Loss 4.03 (4.14)	Acc@1 5.47 (5.95)	Acc@5 26.95 (21.16)
Epoch: [5][190/390]	Time 0.108 (0.365)	Data 0.000 (0.258)	Loss 4.13 (4.14)	Acc@1 7.81 (6.01)	Acc@5 21.48 (21.28)
Epoch: [5][200/390]	Time 1.071 (0.366)	Data 0.966 (0.259)	Loss 4.03 (4.13)	Acc@1 5.86 (6.06)	Acc@5 24.22 (21.40)
Epoch: [5][210/390]	Time 0.113 (0.363)	Data 0.001 (0.256)	Loss 4.09 (4.13)	Acc@1 5.86 (6.13)	Acc@5 23.44 (21.57)
Epoch: [5][220/390]	Time 1.153 (0.365)	Data 1.053 (0.258)	Loss 4.05 (4.13)	Acc@1 5.86 (6.12)	Acc@5 24.22 (21.56)
Epoch: [5][230/390]	Time 0.105 (0.362)	Data 0.001 (0.255)	Loss 4.13 (4.13)	Acc@1 5.86 (6.10)	Acc@5 19.92 (21.55)
Epoch: [5][240/390]	Time 1.019 (0.363)	Data 0.919 (0.256)	Loss 4.13 (4.13)	Acc@1 6.25 (6.14)	Acc@5 21.88 (21.60)
Epoch: [5][250/390]	Time 0.113 (0.361)	Data 0.000 (0.254)	Loss 4.09 (4.13)	Acc@1 7.42 (6.16)	Acc@5 23.05 (21.71)
Epoch: [5][260/390]	Time 0.947 (0.362)	Data 0.841 (0.255)	Loss 4.06 (4.12)	Acc@1 6.25 (6.15)	Acc@5 21.88 (21.73)
Epoch: [5][270/390]	Time 0.114 (0.360)	Data 0.004 (0.253)	Loss 4.04 (4.12)	Acc@1 9.38 (6.17)	Acc@5 21.48 (21.78)
Epoch: [5][280/390]	Time 1.103 (0.363)	Data 1.000 (0.256)	Loss 4.06 (4.12)	Acc@1 8.20 (6.20)	Acc@5 21.88 (21.84)
Epoch: [5][290/390]	Time 0.109 (0.361)	Data 0.005 (0.254)	Loss 4.04 (4.12)	Acc@1 5.47 (6.24)	Acc@5 25.39 (21.93)
Epoch: [5][300/390]	Time 0.981 (0.362)	Data 0.880 (0.255)	Loss 4.02 (4.12)	Acc@1 5.08 (6.28)	Acc@5 23.83 (22.04)
Epoch: [5][310/390]	Time 0.109 (0.360)	Data 0.000 (0.253)	Loss 3.96 (4.11)	Acc@1 6.64 (6.29)	Acc@5 26.17 (22.15)
Epoch: [5][320/390]	Time 0.810 (0.361)	Data 0.710 (0.254)	Loss 4.00 (4.11)	Acc@1 8.98 (6.34)	Acc@5 28.52 (22.30)
Epoch: [5][330/390]	Time 0.119 (0.360)	Data 0.001 (0.253)	Loss 4.05 (4.11)	Acc@1 7.42 (6.40)	Acc@5 24.22 (22.42)
Epoch: [5][340/390]	Time 0.982 (0.361)	Data 0.882 (0.254)	Loss 4.11 (4.10)	Acc@1 8.59 (6.46)	Acc@5 26.17 (22.51)
Epoch: [5][350/390]	Time 0.111 (0.359)	Data 0.003 (0.252)	Loss 4.05 (4.10)	Acc@1 7.03 (6.50)	Acc@5 21.09 (22.61)
Epoch: [5][360/390]	Time 1.136 (0.361)	Data 1.017 (0.253)	Loss 3.96 (4.10)	Acc@1 10.16 (6.53)	Acc@5 26.56 (22.69)
Epoch: [5][370/390]	Time 0.116 (0.359)	Data 0.001 (0.252)	Loss 4.18 (4.09)	Acc@1 5.86 (6.58)	Acc@5 21.88 (22.78)
Epoch: [5][380/390]	Time 0.652 (0.360)	Data 0.539 (0.253)	Loss 4.09 (4.09)	Acc@1 9.38 (6.59)	Acc@5 25.39 (22.81)
[Training]: Epoch 5 finished with lr=0.100000
Test: [0/100]	Time 0.563 (0.563)	Acc@1 12.00 (12.00)	Acc@5 30.00 (30.00)
Test: [10/100]	Time 0.044 (0.122)	Acc@1 5.00 (8.09)	Acc@5 27.00 (30.27)
Test: [20/100]	Time 0.256 (0.112)	Acc@1 5.00 (8.52)	Acc@5 23.00 (29.86)
Test: [30/100]	Time 0.032 (0.102)	Acc@1 5.00 (8.42)	Acc@5 24.00 (28.74)
Test: [40/100]	Time 0.276 (0.103)	Acc@1 12.00 (8.76)	Acc@5 36.00 (29.59)
Test: [50/100]	Time 0.021 (0.100)	Acc@1 8.00 (8.63)	Acc@5 26.00 (29.35)
Test: [60/100]	Time 0.311 (0.102)	Acc@1 7.00 (8.48)	Acc@5 27.00 (28.92)
Test: [70/100]	Time 0.021 (0.100)	Acc@1 6.00 (8.45)	Acc@5 25.00 (28.82)
Test: [80/100]	Time 0.269 (0.100)	Acc@1 7.00 (8.56)	Acc@5 24.00 (28.78)
Test: [90/100]	Time 0.022 (0.097)	Acc@1 8.00 (8.57)	Acc@5 30.00 (28.70)
******Acc@1 8.540 Acc@5 28.510
Epoch: [6][0/390]	Time 1.885 (1.885)	Data 1.728 (1.728)	Loss 4.02 (4.02)	Acc@1 8.59 (8.59)	Acc@5 24.22 (24.22)
Epoch: [6][10/390]	Time 0.103 (0.450)	Data 0.000 (0.336)	Loss 4.09 (4.03)	Acc@1 4.69 (7.17)	Acc@5 21.88 (24.64)
Epoch: [6][20/390]	Time 1.116 (0.426)	Data 1.011 (0.316)	Loss 4.07 (4.02)	Acc@1 7.03 (7.38)	Acc@5 27.34 (25.58)
Epoch: [6][30/390]	Time 0.106 (0.400)	Data 0.005 (0.292)	Loss 4.12 (4.02)	Acc@1 8.20 (7.59)	Acc@5 23.83 (25.11)
Epoch: [6][40/390]	Time 0.859 (0.394)	Data 0.741 (0.286)	Loss 3.97 (4.01)	Acc@1 7.81 (7.72)	Acc@5 26.95 (25.22)
Epoch: [6][50/390]	Time 0.251 (0.382)	Data 0.141 (0.273)	Loss 3.90 (4.00)	Acc@1 10.55 (7.91)	Acc@5 27.34 (25.70)
Epoch: [6][60/390]	Time 0.701 (0.378)	Data 0.601 (0.270)	Loss 3.90 (3.99)	Acc@1 8.20 (8.08)	Acc@5 28.91 (26.02)
Epoch: [6][70/390]	Time 0.120 (0.372)	Data 0.013 (0.265)	Loss 4.13 (3.99)	Acc@1 7.03 (8.15)	Acc@5 24.22 (26.33)
Epoch: [6][80/390]	Time 0.590 (0.371)	Data 0.486 (0.263)	Loss 3.91 (3.99)	Acc@1 6.64 (8.11)	Acc@5 27.34 (26.23)
Epoch: [6][90/390]	Time 0.182 (0.369)	Data 0.079 (0.262)	Loss 4.17 (3.99)	Acc@1 8.20 (8.26)	Acc@5 25.00 (26.36)
Epoch: [6][100/390]	Time 0.376 (0.366)	Data 0.268 (0.259)	Loss 4.01 (3.99)	Acc@1 7.42 (8.24)	Acc@5 27.34 (26.25)
Epoch: [6][110/390]	Time 0.306 (0.366)	Data 0.193 (0.259)	Loss 4.06 (3.99)	Acc@1 8.20 (8.31)	Acc@5 23.05 (26.26)
Epoch: [6][120/390]	Time 0.341 (0.364)	Data 0.240 (0.257)	Loss 4.07 (4.00)	Acc@1 8.59 (8.31)	Acc@5 23.83 (26.23)
Epoch: [6][130/390]	Time 0.328 (0.365)	Data 0.211 (0.258)	Loss 4.00 (4.00)	Acc@1 7.03 (8.26)	Acc@5 27.34 (26.26)
Epoch: [6][140/390]	Time 0.598 (0.364)	Data 0.492 (0.257)	Loss 3.88 (3.99)	Acc@1 11.33 (8.30)	Acc@5 28.91 (26.32)
Epoch: [6][150/390]	Time 0.482 (0.365)	Data 0.384 (0.257)	Loss 3.81 (3.99)	Acc@1 9.77 (8.34)	Acc@5 32.03 (26.53)
Epoch: [6][160/390]	Time 0.252 (0.362)	Data 0.149 (0.255)	Loss 4.01 (3.98)	Acc@1 9.38 (8.46)	Acc@5 24.61 (26.75)
Epoch: [6][170/390]	Time 0.543 (0.363)	Data 0.443 (0.255)	Loss 3.90 (3.98)	Acc@1 7.81 (8.52)	Acc@5 30.47 (26.89)
Epoch: [6][180/390]	Time 0.382 (0.361)	Data 0.284 (0.254)	Loss 3.90 (3.98)	Acc@1 12.11 (8.54)	Acc@5 31.64 (26.96)
Epoch: [6][190/390]	Time 0.652 (0.361)	Data 0.553 (0.254)	Loss 4.01 (3.97)	Acc@1 11.33 (8.64)	Acc@5 32.03 (27.14)
Epoch: [6][200/390]	Time 0.436 (0.363)	Data 0.323 (0.256)	Loss 3.90 (3.97)	Acc@1 8.59 (8.65)	Acc@5 27.73 (27.22)
Epoch: [6][210/390]	Time 0.807 (0.364)	Data 0.695 (0.257)	Loss 3.77 (3.96)	Acc@1 8.98 (8.70)	Acc@5 28.52 (27.43)
Epoch: [6][220/390]	Time 0.342 (0.362)	Data 0.240 (0.255)	Loss 3.91 (3.96)	Acc@1 8.59 (8.77)	Acc@5 28.52 (27.66)
Epoch: [6][230/390]	Time 0.470 (0.361)	Data 0.352 (0.255)	Loss 3.89 (3.95)	Acc@1 7.81 (8.83)	Acc@5 29.69 (27.73)
Epoch: [6][240/390]	Time 0.592 (0.361)	Data 0.483 (0.255)	Loss 3.93 (3.95)	Acc@1 9.38 (8.84)	Acc@5 26.95 (27.78)
Epoch: [6][250/390]	Time 0.384 (0.360)	Data 0.273 (0.254)	Loss 3.93 (3.95)	Acc@1 7.42 (8.90)	Acc@5 25.39 (27.90)
Epoch: [6][260/390]	Time 0.696 (0.360)	Data 0.597 (0.254)	Loss 3.78 (3.95)	Acc@1 11.33 (8.97)	Acc@5 33.20 (28.02)
Epoch: [6][270/390]	Time 0.654 (0.360)	Data 0.542 (0.253)	Loss 4.05 (3.95)	Acc@1 6.64 (8.99)	Acc@5 24.61 (28.07)
Epoch: [6][280/390]	Time 0.444 (0.360)	Data 0.341 (0.253)	Loss 3.86 (3.94)	Acc@1 10.16 (9.03)	Acc@5 29.69 (28.12)
Epoch: [6][290/390]	Time 0.512 (0.360)	Data 0.404 (0.253)	Loss 3.82 (3.94)	Acc@1 8.59 (9.04)	Acc@5 30.08 (28.20)
Epoch: [6][300/390]	Time 0.335 (0.359)	Data 0.223 (0.253)	Loss 3.83 (3.94)	Acc@1 8.98 (9.07)	Acc@5 30.08 (28.25)
Epoch: [6][310/390]	Time 0.717 (0.360)	Data 0.615 (0.254)	Loss 3.85 (3.94)	Acc@1 12.11 (9.11)	Acc@5 31.25 (28.32)
Epoch: [6][320/390]	Time 0.135 (0.359)	Data 0.029 (0.252)	Loss 3.82 (3.93)	Acc@1 12.50 (9.17)	Acc@5 35.55 (28.39)
Epoch: [6][330/390]	Time 0.803 (0.360)	Data 0.691 (0.254)	Loss 3.79 (3.93)	Acc@1 12.89 (9.25)	Acc@5 32.42 (28.51)
Epoch: [6][340/390]	Time 0.107 (0.358)	Data 0.006 (0.251)	Loss 3.84 (3.93)	Acc@1 8.20 (9.31)	Acc@5 33.59 (28.61)
Epoch: [6][350/390]	Time 0.656 (0.359)	Data 0.547 (0.252)	Loss 3.84 (3.92)	Acc@1 5.47 (9.31)	Acc@5 32.81 (28.70)
Epoch: [6][360/390]	Time 0.294 (0.358)	Data 0.189 (0.251)	Loss 3.86 (3.92)	Acc@1 9.38 (9.32)	Acc@5 32.42 (28.77)
Epoch: [6][370/390]	Time 0.347 (0.360)	Data 0.235 (0.253)	Loss 3.93 (3.92)	Acc@1 10.94 (9.35)	Acc@5 27.73 (28.80)
Epoch: [6][380/390]	Time 0.292 (0.359)	Data 0.193 (0.252)	Loss 3.70 (3.92)	Acc@1 10.94 (9.34)	Acc@5 35.94 (28.81)
[Training]: Epoch 6 finished with lr=0.099918
Test: [0/100]	Time 0.547 (0.547)	Acc@1 13.00 (13.00)	Acc@5 39.00 (39.00)
Test: [10/100]	Time 0.020 (0.125)	Acc@1 14.00 (12.64)	Acc@5 31.00 (38.00)
Test: [20/100]	Time 0.276 (0.113)	Acc@1 9.00 (12.95)	Acc@5 32.00 (36.90)
Test: [30/100]	Time 0.030 (0.102)	Acc@1 13.00 (13.48)	Acc@5 33.00 (36.77)
Test: [40/100]	Time 0.297 (0.103)	Acc@1 16.00 (13.68)	Acc@5 42.00 (37.10)
Test: [50/100]	Time 0.025 (0.099)	Acc@1 11.00 (13.18)	Acc@5 33.00 (36.84)
Test: [60/100]	Time 0.286 (0.100)	Acc@1 16.00 (12.98)	Acc@5 36.00 (36.75)
Test: [70/100]	Time 0.087 (0.098)	Acc@1 13.00 (13.01)	Acc@5 39.00 (36.79)
Test: [80/100]	Time 0.176 (0.098)	Acc@1 13.00 (13.06)	Acc@5 42.00 (37.01)
Test: [90/100]	Time 0.043 (0.097)	Acc@1 12.00 (12.92)	Acc@5 36.00 (36.90)
******Acc@1 12.800 Acc@5 36.680
Epoch: [7][0/390]	Time 1.768 (1.768)	Data 1.615 (1.615)	Loss 3.86 (3.86)	Acc@1 10.55 (10.55)	Acc@5 30.47 (30.47)
Epoch: [7][10/390]	Time 0.108 (0.428)	Data 0.000 (0.315)	Loss 3.68 (3.81)	Acc@1 12.89 (10.76)	Acc@5 35.94 (31.85)
Epoch: [7][20/390]	Time 0.980 (0.422)	Data 0.874 (0.312)	Loss 3.82 (3.83)	Acc@1 8.59 (10.94)	Acc@5 30.86 (31.86)
Epoch: [7][30/390]	Time 0.115 (0.389)	Data 0.000 (0.280)	Loss 3.73 (3.81)	Acc@1 10.94 (11.03)	Acc@5 36.33 (32.69)
Epoch: [7][40/390]	Time 0.961 (0.386)	Data 0.853 (0.278)	Loss 3.80 (3.81)	Acc@1 9.77 (11.12)	Acc@5 32.81 (32.54)
Epoch: [7][50/390]	Time 0.111 (0.375)	Data 0.003 (0.267)	Loss 3.75 (3.80)	Acc@1 16.41 (11.27)	Acc@5 35.94 (32.53)
Epoch: [7][60/390]	Time 1.044 (0.383)	Data 0.934 (0.275)	Loss 3.90 (3.80)	Acc@1 10.94 (11.32)	Acc@5 34.38 (32.66)
Epoch: [7][70/390]	Time 0.104 (0.374)	Data 0.001 (0.266)	Loss 3.77 (3.80)	Acc@1 11.33 (11.25)	Acc@5 39.06 (32.58)
Epoch: [7][80/390]	Time 0.737 (0.374)	Data 0.635 (0.267)	Loss 3.95 (3.80)	Acc@1 8.59 (11.12)	Acc@5 25.39 (32.49)
Epoch: [7][90/390]	Time 0.111 (0.369)	Data 0.000 (0.262)	Loss 3.77 (3.81)	Acc@1 11.33 (11.07)	Acc@5 34.38 (32.40)
Epoch: [7][100/390]	Time 0.492 (0.367)	Data 0.382 (0.259)	Loss 3.67 (3.80)	Acc@1 15.23 (11.05)	Acc@5 37.50 (32.47)
Epoch: [7][110/390]	Time 0.106 (0.365)	Data 0.000 (0.257)	Loss 3.75 (3.80)	Acc@1 11.33 (11.15)	Acc@5 34.77 (32.75)
Epoch: [7][120/390]	Time 1.218 (0.376)	Data 1.115 (0.268)	Loss 3.77 (3.80)	Acc@1 11.72 (11.15)	Acc@5 32.42 (32.74)
Epoch: [7][130/390]	Time 0.102 (0.377)	Data 0.000 (0.269)	Loss 3.72 (3.79)	Acc@1 13.28 (11.27)	Acc@5 34.38 (32.84)
Epoch: [7][140/390]	Time 1.357 (0.385)	Data 1.216 (0.278)	Loss 3.69 (3.79)	Acc@1 14.45 (11.33)	Acc@5 35.55 (32.99)
Epoch: [7][150/390]	Time 0.109 (0.388)	Data 0.002 (0.280)	Loss 3.75 (3.79)	Acc@1 14.84 (11.38)	Acc@5 36.33 (33.02)
Epoch: [7][160/390]	Time 1.364 (0.394)	Data 1.254 (0.286)	Loss 3.55 (3.78)	Acc@1 17.97 (11.48)	Acc@5 37.11 (33.09)
Epoch: [7][170/390]	Time 0.115 (0.388)	Data 0.015 (0.280)	Loss 3.78 (3.78)	Acc@1 13.28 (11.44)	Acc@5 39.06 (33.18)
Epoch: [7][180/390]	Time 1.074 (0.389)	Data 0.970 (0.281)	Loss 3.73 (3.78)	Acc@1 10.55 (11.44)	Acc@5 38.28 (33.26)
Epoch: [7][190/390]	Time 0.102 (0.384)	Data 0.000 (0.277)	Loss 3.88 (3.78)	Acc@1 11.72 (11.50)	Acc@5 33.59 (33.34)
Epoch: [7][200/390]	Time 1.967 (0.399)	Data 1.792 (0.290)	Loss 3.89 (3.77)	Acc@1 7.03 (11.52)	Acc@5 26.95 (33.40)
Epoch: [7][210/390]	Time 0.117 (0.405)	Data 0.000 (0.295)	Loss 3.72 (3.77)	Acc@1 12.11 (11.57)	Acc@5 35.94 (33.46)
Epoch: [7][220/390]	Time 1.986 (0.417)	Data 1.842 (0.307)	Loss 3.71 (3.77)	Acc@1 15.62 (11.56)	Acc@5 40.23 (33.42)
Epoch: [7][230/390]	Time 0.118 (0.417)	Data 0.001 (0.307)	Loss 3.72 (3.77)	Acc@1 9.38 (11.54)	Acc@5 35.55 (33.48)
Epoch: [7][240/390]	Time 1.058 (0.416)	Data 0.961 (0.306)	Loss 3.67 (3.77)	Acc@1 13.67 (11.57)	Acc@5 36.33 (33.56)
Epoch: [7][250/390]	Time 0.113 (0.414)	Data 0.000 (0.304)	Loss 3.77 (3.77)	Acc@1 9.38 (11.57)	Acc@5 37.11 (33.55)
Epoch: [7][260/390]	Time 1.121 (0.412)	Data 1.019 (0.302)	Loss 3.72 (3.77)	Acc@1 13.28 (11.59)	Acc@5 36.72 (33.60)
Epoch: [7][270/390]	Time 0.108 (0.408)	Data 0.005 (0.298)	Loss 3.73 (3.77)	Acc@1 12.50 (11.60)	Acc@5 33.98 (33.63)
Epoch: [7][280/390]	Time 1.115 (0.408)	Data 1.012 (0.298)	Loss 3.71 (3.77)	Acc@1 11.33 (11.64)	Acc@5 34.38 (33.70)
Epoch: [7][290/390]	Time 0.111 (0.404)	Data 0.003 (0.295)	Loss 3.77 (3.77)	Acc@1 13.28 (11.69)	Acc@5 35.16 (33.74)
Epoch: [7][300/390]	Time 1.008 (0.404)	Data 0.902 (0.295)	Loss 3.87 (3.76)	Acc@1 11.33 (11.72)	Acc@5 30.47 (33.88)
Epoch: [7][310/390]	Time 0.102 (0.401)	Data 0.000 (0.291)	Loss 3.68 (3.76)	Acc@1 11.72 (11.74)	Acc@5 35.55 (33.90)
Epoch: [7][320/390]	Time 1.188 (0.401)	Data 1.081 (0.292)	Loss 3.74 (3.76)	Acc@1 14.45 (11.76)	Acc@5 35.55 (33.94)
Epoch: [7][330/390]	Time 0.108 (0.398)	Data 0.000 (0.289)	Loss 3.75 (3.76)	Acc@1 7.03 (11.80)	Acc@5 29.69 (34.01)
Epoch: [7][340/390]	Time 1.072 (0.398)	Data 0.960 (0.289)	Loss 3.77 (3.76)	Acc@1 9.77 (11.82)	Acc@5 32.81 (34.05)
Epoch: [7][350/390]	Time 0.101 (0.395)	Data 0.000 (0.286)	Loss 3.82 (3.75)	Acc@1 9.38 (11.80)	Acc@5 31.25 (34.08)
Epoch: [7][360/390]	Time 1.071 (0.396)	Data 0.972 (0.287)	Loss 3.78 (3.75)	Acc@1 12.50 (11.82)	Acc@5 32.81 (34.13)
Epoch: [7][370/390]	Time 0.114 (0.393)	Data 0.005 (0.284)	Loss 3.63 (3.75)	Acc@1 17.97 (11.85)	Acc@5 39.06 (34.15)
Epoch: [7][380/390]	Time 1.163 (0.394)	Data 1.059 (0.285)	Loss 3.75 (3.75)	Acc@1 12.50 (11.86)	Acc@5 34.38 (34.16)
[Training]: Epoch 7 finished with lr=0.099674
Test: [0/100]	Time 0.458 (0.458)	Acc@1 18.00 (18.00)	Acc@5 34.00 (34.00)
Test: [10/100]	Time 0.076 (0.122)	Acc@1 10.00 (14.73)	Acc@5 35.00 (39.82)
Test: [20/100]	Time 0.156 (0.110)	Acc@1 11.00 (14.14)	Acc@5 31.00 (38.86)
Test: [30/100]	Time 0.100 (0.105)	Acc@1 14.00 (13.97)	Acc@5 34.00 (38.81)
Test: [40/100]	Time 0.081 (0.101)	Acc@1 11.00 (14.27)	Acc@5 40.00 (39.73)
Test: [50/100]	Time 0.171 (0.103)	Acc@1 11.00 (14.41)	Acc@5 40.00 (39.61)
Test: [60/100]	Time 0.087 (0.099)	Acc@1 13.00 (14.34)	Acc@5 39.00 (39.92)
Test: [70/100]	Time 0.094 (0.099)	Acc@1 12.00 (14.41)	Acc@5 37.00 (39.96)
Test: [80/100]	Time 0.104 (0.098)	Acc@1 12.00 (14.59)	Acc@5 37.00 (40.01)
Test: [90/100]	Time 0.110 (0.098)	Acc@1 14.00 (14.55)	Acc@5 42.00 (39.89)
******Acc@1 14.360 Acc@5 39.790
Epoch: [8][0/390]	Time 1.922 (1.922)	Data 1.766 (1.766)	Loss 3.61 (3.61)	Acc@1 12.50 (12.50)	Acc@5 39.45 (39.45)
Epoch: [8][10/390]	Time 0.108 (0.456)	Data 0.001 (0.342)	Loss 3.69 (3.64)	Acc@1 14.45 (13.25)	Acc@5 37.50 (37.46)
Epoch: [8][20/390]	Time 1.143 (0.434)	Data 1.042 (0.324)	Loss 3.67 (3.67)	Acc@1 11.72 (13.00)	Acc@5 37.89 (36.61)
Epoch: [8][30/390]	Time 0.117 (0.388)	Data 0.009 (0.280)	Loss 3.60 (3.67)	Acc@1 17.58 (12.76)	Acc@5 36.33 (36.11)
Epoch: [8][40/390]	Time 1.354 (0.396)	Data 1.255 (0.289)	Loss 3.79 (3.67)	Acc@1 9.38 (12.80)	Acc@5 33.98 (36.66)
Epoch: [8][50/390]	Time 0.132 (0.391)	Data 0.008 (0.284)	Loss 3.67 (3.67)	Acc@1 14.45 (12.88)	Acc@5 37.50 (36.83)
Epoch: [8][60/390]	Time 1.322 (0.406)	Data 1.211 (0.299)	Loss 3.67 (3.67)	Acc@1 12.89 (12.99)	Acc@5 33.20 (36.81)
Epoch: [8][70/390]	Time 0.113 (0.399)	Data 0.003 (0.292)	Loss 3.78 (3.66)	Acc@1 10.55 (13.09)	Acc@5 35.55 (37.15)
Epoch: [8][80/390]	Time 1.328 (0.410)	Data 1.212 (0.303)	Loss 3.64 (3.65)	Acc@1 13.28 (13.31)	Acc@5 36.72 (37.42)
Epoch: [8][90/390]	Time 0.120 (0.406)	Data 0.013 (0.298)	Loss 3.82 (3.65)	Acc@1 8.59 (13.35)	Acc@5 31.25 (37.32)
Epoch: [8][100/390]	Time 1.372 (0.414)	Data 1.256 (0.306)	Loss 3.67 (3.65)	Acc@1 16.80 (13.34)	Acc@5 35.94 (37.18)
Epoch: [8][110/390]	Time 0.120 (0.410)	Data 0.000 (0.302)	Loss 3.79 (3.65)	Acc@1 11.33 (13.32)	Acc@5 34.38 (37.14)
Epoch: [8][120/390]	Time 1.316 (0.417)	Data 1.209 (0.309)	Loss 3.68 (3.66)	Acc@1 18.75 (13.31)	Acc@5 38.67 (37.04)
Epoch: [8][130/390]	Time 0.107 (0.414)	Data 0.000 (0.306)	Loss 3.55 (3.65)	Acc@1 11.33 (13.25)	Acc@5 44.92 (37.12)
Epoch: [8][140/390]	Time 1.395 (0.419)	Data 1.294 (0.311)	Loss 3.81 (3.66)	Acc@1 15.62 (13.24)	Acc@5 35.16 (36.96)
Epoch: [8][150/390]	Time 0.102 (0.416)	Data 0.000 (0.308)	Loss 3.71 (3.66)	Acc@1 11.33 (13.23)	Acc@5 33.98 (36.94)
Epoch: [8][160/390]	Time 0.980 (0.414)	Data 0.882 (0.306)	Loss 3.69 (3.66)	Acc@1 16.41 (13.19)	Acc@5 35.16 (36.80)
Epoch: [8][170/390]	Time 0.123 (0.412)	Data 0.000 (0.304)	Loss 3.62 (3.66)	Acc@1 14.84 (13.18)	Acc@5 36.72 (36.86)
Epoch: [8][180/390]	Time 1.221 (0.411)	Data 1.120 (0.304)	Loss 3.75 (3.66)	Acc@1 11.33 (13.18)	Acc@5 30.47 (36.79)
Epoch: [8][190/390]	Time 0.109 (0.406)	Data 0.004 (0.298)	Loss 3.63 (3.66)	Acc@1 13.28 (13.28)	Acc@5 39.06 (36.85)
Epoch: [8][200/390]	Time 1.000 (0.407)	Data 0.896 (0.299)	Loss 3.57 (3.66)	Acc@1 14.45 (13.30)	Acc@5 41.41 (36.97)
Epoch: [8][210/390]	Time 0.109 (0.403)	Data 0.000 (0.295)	Loss 3.59 (3.65)	Acc@1 12.89 (13.38)	Acc@5 38.67 (37.04)
Epoch: [8][220/390]	Time 0.891 (0.402)	Data 0.785 (0.295)	Loss 3.58 (3.65)	Acc@1 10.16 (13.41)	Acc@5 35.55 (37.08)
Epoch: [8][230/390]	Time 0.110 (0.399)	Data 0.004 (0.292)	Loss 3.68 (3.65)	Acc@1 14.06 (13.43)	Acc@5 33.20 (37.04)
Epoch: [8][240/390]	Time 0.915 (0.400)	Data 0.799 (0.292)	Loss 3.71 (3.65)	Acc@1 14.45 (13.47)	Acc@5 39.06 (37.04)
Epoch: [8][250/390]	Time 0.111 (0.398)	Data 0.007 (0.290)	Loss 3.56 (3.65)	Acc@1 13.28 (13.44)	Acc@5 36.33 (36.98)
Epoch: [8][260/390]	Time 0.571 (0.396)	Data 0.463 (0.289)	Loss 3.74 (3.65)	Acc@1 10.16 (13.41)	Acc@5 31.25 (36.94)
Epoch: [8][270/390]	Time 0.108 (0.395)	Data 0.004 (0.287)	Loss 3.58 (3.65)	Acc@1 20.31 (13.43)	Acc@5 39.84 (36.96)
Epoch: [8][280/390]	Time 0.538 (0.393)	Data 0.430 (0.286)	Loss 3.65 (3.65)	Acc@1 12.50 (13.46)	Acc@5 36.33 (36.98)
Epoch: [8][290/390]	Time 0.108 (0.393)	Data 0.000 (0.285)	Loss 3.57 (3.65)	Acc@1 15.62 (13.48)	Acc@5 36.72 (37.00)
Epoch: [8][300/390]	Time 0.196 (0.390)	Data 0.095 (0.283)	Loss 3.66 (3.65)	Acc@1 13.28 (13.48)	Acc@5 40.23 (37.01)
Epoch: [8][310/390]	Time 0.122 (0.392)	Data 0.003 (0.285)	Loss 3.71 (3.65)	Acc@1 10.16 (13.51)	Acc@5 34.38 (37.09)
Epoch: [8][320/390]	Time 0.129 (0.390)	Data 0.026 (0.283)	Loss 3.65 (3.65)	Acc@1 11.33 (13.49)	Acc@5 35.55 (37.09)
Epoch: [8][330/390]	Time 0.109 (0.391)	Data 0.000 (0.284)	Loss 3.65 (3.64)	Acc@1 16.80 (13.51)	Acc@5 35.94 (37.12)
Epoch: [8][340/390]	Time 0.102 (0.389)	Data 0.001 (0.281)	Loss 3.55 (3.64)	Acc@1 14.84 (13.52)	Acc@5 38.28 (37.16)
Epoch: [8][350/390]	Time 0.105 (0.392)	Data 0.001 (0.285)	Loss 3.60 (3.64)	Acc@1 12.11 (13.57)	Acc@5 35.16 (37.21)
Epoch: [8][360/390]	Time 0.451 (0.394)	Data 0.343 (0.287)	Loss 3.60 (3.64)	Acc@1 14.84 (13.59)	Acc@5 41.02 (37.29)
Epoch: [8][370/390]	Time 0.113 (0.399)	Data 0.000 (0.291)	Loss 3.53 (3.64)	Acc@1 14.06 (13.59)	Acc@5 39.45 (37.31)
Epoch: [8][380/390]	Time 0.381 (0.398)	Data 0.274 (0.291)	Loss 3.71 (3.64)	Acc@1 10.16 (13.59)	Acc@5 33.20 (37.31)
[Training]: Epoch 8 finished with lr=0.099268
Test: [0/100]	Time 0.848 (0.848)	Acc@1 19.00 (19.00)	Acc@5 44.00 (44.00)
Test: [10/100]	Time 0.067 (0.183)	Acc@1 19.00 (18.27)	Acc@5 45.00 (44.27)
Test: [20/100]	Time 0.485 (0.173)	Acc@1 13.00 (17.71)	Acc@5 36.00 (44.10)
Test: [30/100]	Time 0.050 (0.154)	Acc@1 22.00 (17.35)	Acc@5 42.00 (43.19)
Test: [40/100]	Time 0.272 (0.154)	Acc@1 14.00 (17.66)	Acc@5 47.00 (43.95)
Test: [50/100]	Time 0.028 (0.149)	Acc@1 14.00 (17.45)	Acc@5 40.00 (43.80)
Test: [60/100]	Time 0.245 (0.149)	Acc@1 18.00 (17.38)	Acc@5 40.00 (43.85)
Test: [70/100]	Time 0.085 (0.147)	Acc@1 16.00 (17.34)	Acc@5 42.00 (44.03)
Test: [80/100]	Time 0.270 (0.147)	Acc@1 18.00 (17.56)	Acc@5 45.00 (44.16)
Test: [90/100]	Time 0.102 (0.145)	Acc@1 16.00 (17.38)	Acc@5 47.00 (44.10)
******Acc@1 17.310 Acc@5 43.920
Epoch: [9][0/390]	Time 2.516 (2.516)	Data 2.354 (2.354)	Loss 3.50 (3.50)	Acc@1 16.80 (16.80)	Acc@5 42.58 (42.58)
Epoch: [9][10/390]	Time 0.100 (0.630)	Data 0.001 (0.517)	Loss 3.63 (3.57)	Acc@1 12.89 (14.70)	Acc@5 39.45 (39.91)
Epoch: [9][20/390]	Time 1.754 (0.650)	Data 1.643 (0.535)	Loss 3.57 (3.60)	Acc@1 12.50 (14.14)	Acc@5 37.89 (39.25)
Epoch: [9][30/390]	Time 0.124 (0.583)	Data 0.004 (0.469)	Loss 3.54 (3.59)	Acc@1 17.19 (14.58)	Acc@5 41.41 (39.18)
Epoch: [9][40/390]	Time 1.724 (0.583)	Data 1.615 (0.471)	Loss 3.58 (3.59)	Acc@1 13.67 (14.69)	Acc@5 38.28 (39.13)
Epoch: [9][50/390]	Time 0.117 (0.557)	Data 0.001 (0.445)	Loss 3.45 (3.59)	Acc@1 18.36 (14.67)	Acc@5 43.36 (39.19)
Epoch: [9][60/390]	Time 1.699 (0.562)	Data 1.590 (0.451)	Loss 3.51 (3.59)	Acc@1 14.84 (14.50)	Acc@5 42.97 (38.88)
Epoch: [9][70/390]	Time 0.106 (0.543)	Data 0.000 (0.432)	Loss 3.56 (3.59)	Acc@1 13.67 (14.55)	Acc@5 40.23 (38.92)
Epoch: [9][80/390]	Time 1.645 (0.546)	Data 1.538 (0.435)	Loss 3.59 (3.58)	Acc@1 12.50 (14.80)	Acc@5 40.23 (39.15)
Epoch: [9][90/390]	Time 0.105 (0.534)	Data 0.000 (0.423)	Loss 3.49 (3.58)	Acc@1 16.41 (14.98)	Acc@5 43.75 (39.31)
Epoch: [9][100/390]	Time 1.626 (0.537)	Data 1.517 (0.426)	Loss 3.54 (3.57)	Acc@1 14.45 (14.98)	Acc@5 38.67 (39.43)
Epoch: [9][110/390]	Time 0.104 (0.527)	Data 0.000 (0.416)	Loss 3.57 (3.57)	Acc@1 16.80 (14.98)	Acc@5 39.45 (39.45)
Epoch: [9][120/390]	Time 1.863 (0.533)	Data 1.762 (0.422)	Loss 3.38 (3.57)	Acc@1 18.36 (14.90)	Acc@5 47.66 (39.56)
Epoch: [9][130/390]	Time 0.119 (0.532)	Data 0.010 (0.421)	Loss 3.60 (3.57)	Acc@1 14.45 (14.86)	Acc@5 39.06 (39.62)
Epoch: [9][140/390]	Time 1.653 (0.535)	Data 1.547 (0.424)	Loss 3.49 (3.57)	Acc@1 17.19 (14.90)	Acc@5 41.02 (39.60)
Epoch: [9][150/390]	Time 0.122 (0.528)	Data 0.004 (0.417)	Loss 3.42 (3.57)	Acc@1 13.67 (14.93)	Acc@5 43.36 (39.66)
Epoch: [9][160/390]	Time 1.659 (0.532)	Data 1.534 (0.421)	Loss 3.60 (3.57)	Acc@1 12.50 (14.99)	Acc@5 35.55 (39.66)
Epoch: [9][170/390]	Time 0.120 (0.527)	Data 0.006 (0.416)	Loss 3.44 (3.56)	Acc@1 16.80 (15.04)	Acc@5 40.23 (39.69)
Epoch: [9][180/390]	Time 1.635 (0.529)	Data 1.533 (0.418)	Loss 3.39 (3.56)	Acc@1 17.19 (15.10)	Acc@5 46.88 (39.74)
Epoch: [9][190/390]	Time 0.120 (0.523)	Data 0.000 (0.413)	Loss 3.58 (3.57)	Acc@1 17.19 (15.09)	Acc@5 40.23 (39.64)
Epoch: [9][200/390]	Time 1.761 (0.526)	Data 1.659 (0.416)	Loss 3.54 (3.57)	Acc@1 16.02 (15.14)	Acc@5 39.84 (39.67)
Epoch: [9][210/390]	Time 0.105 (0.525)	Data 0.000 (0.414)	Loss 3.56 (3.57)	Acc@1 13.67 (15.12)	Acc@5 40.62 (39.62)
Epoch: [9][220/390]	Time 1.592 (0.526)	Data 1.495 (0.415)	Loss 3.39 (3.56)	Acc@1 17.97 (15.18)	Acc@5 46.88 (39.77)
Epoch: [9][230/390]	Time 0.104 (0.519)	Data 0.000 (0.408)	Loss 3.52 (3.56)	Acc@1 13.67 (15.18)	Acc@5 40.23 (39.84)
Epoch: [9][240/390]	Time 1.607 (0.518)	Data 1.504 (0.407)	Loss 3.43 (3.56)	Acc@1 15.62 (15.21)	Acc@5 42.58 (39.79)
Epoch: [9][250/390]	Time 0.110 (0.517)	Data 0.004 (0.406)	Loss 3.49 (3.56)	Acc@1 16.80 (15.24)	Acc@5 42.19 (39.87)
Epoch: [9][260/390]	Time 1.723 (0.521)	Data 1.621 (0.410)	Loss 3.68 (3.56)	Acc@1 12.89 (15.20)	Acc@5 41.41 (39.86)
Epoch: [9][270/390]	Time 0.116 (0.516)	Data 0.000 (0.405)	Loss 3.60 (3.55)	Acc@1 13.28 (15.25)	Acc@5 37.11 (39.93)
Epoch: [9][280/390]	Time 1.271 (0.514)	Data 1.168 (0.403)	Loss 3.49 (3.55)	Acc@1 16.80 (15.25)	Acc@5 43.36 (39.95)
Epoch: [9][290/390]	Time 0.103 (0.509)	Data 0.000 (0.398)	Loss 3.57 (3.55)	Acc@1 14.06 (15.29)	Acc@5 40.23 (40.03)
Epoch: [9][300/390]	Time 1.392 (0.508)	Data 1.287 (0.398)	Loss 3.67 (3.55)	Acc@1 11.72 (15.27)	Acc@5 35.94 (40.06)
Epoch: [9][310/390]	Time 0.111 (0.503)	Data 0.000 (0.393)	Loss 3.47 (3.55)	Acc@1 17.19 (15.29)	Acc@5 38.28 (40.09)
Epoch: [9][320/390]	Time 1.444 (0.503)	Data 1.340 (0.393)	Loss 3.54 (3.55)	Acc@1 18.75 (15.29)	Acc@5 42.97 (40.15)
Epoch: [9][330/390]	Time 0.120 (0.499)	Data 0.008 (0.389)	Loss 3.33 (3.54)	Acc@1 18.75 (15.35)	Acc@5 49.22 (40.19)
Epoch: [9][340/390]	Time 1.327 (0.498)	Data 1.222 (0.388)	Loss 3.56 (3.54)	Acc@1 17.19 (15.34)	Acc@5 41.80 (40.21)
Epoch: [9][350/390]	Time 0.105 (0.494)	Data 0.004 (0.384)	Loss 3.59 (3.54)	Acc@1 16.41 (15.33)	Acc@5 37.11 (40.22)
Epoch: [9][360/390]	Time 1.371 (0.494)	Data 1.270 (0.384)	Loss 3.47 (3.54)	Acc@1 16.80 (15.36)	Acc@5 42.97 (40.26)
Epoch: [9][370/390]	Time 0.106 (0.490)	Data 0.000 (0.380)	Loss 3.56 (3.54)	Acc@1 12.50 (15.38)	Acc@5 38.67 (40.27)
Epoch: [9][380/390]	Time 1.407 (0.490)	Data 1.291 (0.380)	Loss 3.59 (3.54)	Acc@1 14.45 (15.39)	Acc@5 39.45 (40.31)
[Training]: Epoch 9 finished with lr=0.098701
Test: [0/100]	Time 0.903 (0.903)	Acc@1 19.00 (19.00)	Acc@5 43.00 (43.00)
Test: [10/100]	Time 0.050 (0.171)	Acc@1 12.00 (17.55)	Acc@5 38.00 (44.00)
Test: [20/100]	Time 0.235 (0.147)	Acc@1 9.00 (17.19)	Acc@5 46.00 (44.62)
Test: [30/100]	Time 0.038 (0.135)	Acc@1 20.00 (16.71)	Acc@5 45.00 (44.26)
Test: [40/100]	Time 0.200 (0.131)	Acc@1 15.00 (16.95)	Acc@5 42.00 (44.39)
Test: [50/100]	Time 0.032 (0.128)	Acc@1 18.00 (17.00)	Acc@5 48.00 (44.49)
Test: [60/100]	Time 0.175 (0.126)	Acc@1 20.00 (17.21)	Acc@5 42.00 (44.49)
Test: [70/100]	Time 0.025 (0.125)	Acc@1 19.00 (17.41)	Acc@5 46.00 (44.86)
Test: [80/100]	Time 0.168 (0.123)	Acc@1 22.00 (17.58)	Acc@5 44.00 (44.93)
Test: [90/100]	Time 0.022 (0.122)	Acc@1 19.00 (17.45)	Acc@5 46.00 (44.73)
******Acc@1 17.230 Acc@5 44.560
Epoch: [10][0/390]	Time 2.228 (2.228)	Data 2.074 (2.074)	Loss 3.51 (3.51)	Acc@1 14.45 (14.45)	Acc@5 40.23 (40.23)
Epoch: [10][10/390]	Time 0.106 (0.534)	Data 0.001 (0.422)	Loss 3.60 (3.50)	Acc@1 10.55 (15.31)	Acc@5 34.77 (40.48)
Epoch: [10][20/390]	Time 1.196 (0.503)	Data 1.095 (0.393)	Loss 3.41 (3.50)	Acc@1 17.58 (15.49)	Acc@5 41.02 (40.70)
Epoch: [10][30/390]	Time 0.109 (0.470)	Data 0.002 (0.362)	Loss 3.39 (3.49)	Acc@1 17.58 (15.99)	Acc@5 46.48 (41.32)
Epoch: [10][40/390]	Time 1.433 (0.485)	Data 1.327 (0.378)	Loss 3.35 (3.49)	Acc@1 19.53 (16.01)	Acc@5 44.92 (41.03)
Epoch: [10][50/390]	Time 0.110 (0.483)	Data 0.002 (0.375)	Loss 3.51 (3.49)	Acc@1 17.97 (15.99)	Acc@5 45.31 (41.30)
Epoch: [10][60/390]	Time 1.336 (0.493)	Data 1.223 (0.385)	Loss 3.51 (3.49)	Acc@1 14.06 (16.09)	Acc@5 44.92 (41.41)
Epoch: [10][70/390]	Time 0.121 (0.487)	Data 0.005 (0.379)	Loss 3.40 (3.49)	Acc@1 19.53 (16.30)	Acc@5 43.75 (41.38)
Epoch: [10][80/390]	Time 1.412 (0.497)	Data 1.300 (0.389)	Loss 3.40 (3.49)	Acc@1 13.28 (16.15)	Acc@5 42.58 (41.52)
Epoch: [10][90/390]	Time 0.108 (0.491)	Data 0.000 (0.382)	Loss 3.58 (3.48)	Acc@1 16.41 (16.23)	Acc@5 36.72 (41.61)
Epoch: [10][100/390]	Time 1.374 (0.503)	Data 1.268 (0.394)	Loss 3.40 (3.48)	Acc@1 17.58 (16.28)	Acc@5 44.92 (41.65)
Epoch: [10][110/390]	Time 0.119 (0.498)	Data 0.001 (0.389)	Loss 3.41 (3.48)	Acc@1 21.09 (16.36)	Acc@5 44.92 (41.66)
Epoch: [10][120/390]	Time 1.304 (0.503)	Data 1.198 (0.394)	Loss 3.51 (3.48)	Acc@1 18.36 (16.36)	Acc@5 40.23 (41.77)
Epoch: [10][130/390]	Time 0.101 (0.500)	Data 0.001 (0.391)	Loss 3.33 (3.47)	Acc@1 17.58 (16.49)	Acc@5 46.88 (41.96)
Epoch: [10][140/390]	Time 1.359 (0.503)	Data 1.252 (0.394)	Loss 3.34 (3.48)	Acc@1 18.75 (16.48)	Acc@5 49.22 (41.93)
Epoch: [10][150/390]	Time 0.107 (0.501)	Data 0.006 (0.392)	Loss 3.58 (3.47)	Acc@1 15.62 (16.56)	Acc@5 38.67 (42.18)
Epoch: [10][160/390]	Time 1.185 (0.503)	Data 1.080 (0.394)	Loss 3.43 (3.47)	Acc@1 17.58 (16.56)	Acc@5 42.97 (42.18)
Epoch: [10][170/390]	Time 0.111 (0.502)	Data 0.000 (0.393)	Loss 3.51 (3.48)	Acc@1 15.62 (16.57)	Acc@5 38.67 (42.09)
Epoch: [10][180/390]	Time 0.849 (0.502)	Data 0.744 (0.393)	Loss 3.55 (3.48)	Acc@1 14.06 (16.54)	Acc@5 38.67 (42.05)
Epoch: [10][190/390]	Time 0.113 (0.503)	Data 0.006 (0.394)	Loss 3.46 (3.48)	Acc@1 14.45 (16.51)	Acc@5 41.41 (42.05)
Epoch: [10][200/390]	Time 0.759 (0.502)	Data 0.659 (0.393)	Loss 3.41 (3.48)	Acc@1 17.19 (16.54)	Acc@5 45.31 (42.09)
Epoch: [10][210/390]	Time 0.107 (0.503)	Data 0.004 (0.394)	Loss 3.47 (3.48)	Acc@1 19.14 (16.57)	Acc@5 43.75 (42.05)
Epoch: [10][220/390]	Time 0.821 (0.505)	Data 0.712 (0.397)	Loss 3.28 (3.48)	Acc@1 19.92 (16.58)	Acc@5 47.27 (42.08)
Epoch: [10][230/390]	Time 0.111 (0.506)	Data 0.000 (0.397)	Loss 3.44 (3.47)	Acc@1 14.84 (16.60)	Acc@5 44.92 (42.18)
Epoch: [10][240/390]	Time 0.674 (0.505)	Data 0.574 (0.396)	Loss 3.67 (3.47)	Acc@1 14.06 (16.67)	Acc@5 38.28 (42.25)
Epoch: [10][250/390]	Time 0.127 (0.506)	Data 0.005 (0.397)	Loss 3.57 (3.47)	Acc@1 16.80 (16.61)	Acc@5 37.89 (42.18)
Epoch: [10][260/390]	Time 0.709 (0.505)	Data 0.601 (0.396)	Loss 3.24 (3.47)	Acc@1 21.48 (16.67)	Acc@5 48.83 (42.20)
Epoch: [10][270/390]	Time 0.101 (0.506)	Data 0.000 (0.397)	Loss 3.71 (3.47)	Acc@1 12.89 (16.67)	Acc@5 36.72 (42.20)
Epoch: [10][280/390]	Time 1.047 (0.514)	Data 0.940 (0.404)	Loss 3.55 (3.47)	Acc@1 14.84 (16.70)	Acc@5 40.23 (42.24)
Epoch: [10][290/390]	Time 0.110 (0.528)	Data 0.001 (0.419)	Loss 3.45 (3.47)	Acc@1 17.58 (16.74)	Acc@5 42.58 (42.26)
Epoch: [10][300/390]	Time 0.834 (0.536)	Data 0.734 (0.426)	Loss 3.43 (3.47)	Acc@1 16.41 (16.78)	Acc@5 44.53 (42.31)
Epoch: [10][310/390]	Time 0.118 (0.535)	Data 0.008 (0.425)	Loss 3.50 (3.47)	Acc@1 15.62 (16.76)	Acc@5 40.62 (42.31)
Epoch: [10][320/390]	Time 1.079 (0.536)	Data 0.979 (0.426)	Loss 3.34 (3.47)	Acc@1 17.19 (16.83)	Acc@5 44.53 (42.41)
Epoch: [10][330/390]	Time 0.109 (0.534)	Data 0.006 (0.424)	Loss 3.40 (3.47)	Acc@1 17.58 (16.83)	Acc@5 43.75 (42.40)
Epoch: [10][340/390]	Time 0.995 (0.534)	Data 0.885 (0.424)	Loss 3.57 (3.47)	Acc@1 14.06 (16.83)	Acc@5 37.11 (42.40)
Epoch: [10][350/390]	Time 0.112 (0.534)	Data 0.001 (0.424)	Loss 3.34 (3.46)	Acc@1 20.31 (16.85)	Acc@5 45.70 (42.49)
Epoch: [10][360/390]	Time 0.838 (0.534)	Data 0.734 (0.424)	Loss 3.37 (3.46)	Acc@1 20.70 (16.90)	Acc@5 44.53 (42.55)
Epoch: [10][370/390]	Time 0.131 (0.534)	Data 0.001 (0.424)	Loss 3.43 (3.46)	Acc@1 19.53 (16.89)	Acc@5 42.19 (42.58)
Epoch: [10][380/390]	Time 0.644 (0.531)	Data 0.544 (0.421)	Loss 3.48 (3.46)	Acc@1 15.62 (16.91)	Acc@5 42.97 (42.61)
[Training]: Epoch 10 finished with lr=0.097975
Test: [0/100]	Time 0.597 (0.597)	Acc@1 29.00 (29.00)	Acc@5 46.00 (46.00)
Test: [10/100]	Time 0.020 (0.149)	Acc@1 18.00 (22.55)	Acc@5 41.00 (49.82)
Test: [20/100]	Time 0.359 (0.141)	Acc@1 16.00 (20.90)	Acc@5 42.00 (48.90)
Test: [30/100]	Time 0.041 (0.130)	Acc@1 24.00 (20.29)	Acc@5 47.00 (48.16)
Test: [40/100]	Time 0.290 (0.127)	Acc@1 19.00 (20.71)	Acc@5 45.00 (48.88)
Test: [50/100]	Time 0.026 (0.122)	Acc@1 16.00 (20.61)	Acc@5 44.00 (48.78)
Test: [60/100]	Time 0.339 (0.123)	Acc@1 18.00 (20.38)	Acc@5 45.00 (48.52)
Test: [70/100]	Time 0.024 (0.119)	Acc@1 21.00 (20.25)	Acc@5 56.00 (48.46)
Test: [80/100]	Time 0.260 (0.121)	Acc@1 15.00 (20.33)	Acc@5 47.00 (48.49)
Test: [90/100]	Time 0.037 (0.120)	Acc@1 25.00 (20.27)	Acc@5 54.00 (48.48)
******Acc@1 20.320 Acc@5 48.060
Epoch: [11][0/390]	Time 2.094 (2.094)	Data 1.934 (1.934)	Loss 3.28 (3.28)	Acc@1 18.36 (18.36)	Acc@5 49.22 (49.22)
Epoch: [11][10/390]	Time 0.115 (0.528)	Data 0.004 (0.411)	Loss 3.38 (3.37)	Acc@1 16.02 (18.08)	Acc@5 39.84 (46.09)
Epoch: [11][20/390]	Time 1.937 (0.536)	Data 1.839 (0.425)	Loss 3.48 (3.39)	Acc@1 17.58 (17.75)	Acc@5 42.19 (45.39)
Epoch: [11][30/390]	Time 0.104 (0.479)	Data 0.000 (0.370)	Loss 3.35 (3.41)	Acc@1 19.14 (17.72)	Acc@5 45.70 (44.47)
Epoch: [11][40/390]	Time 1.264 (0.479)	Data 1.163 (0.371)	Loss 3.44 (3.41)	Acc@1 13.67 (17.62)	Acc@5 48.05 (44.54)
Epoch: [11][50/390]	Time 0.119 (0.459)	Data 0.006 (0.350)	Loss 3.42 (3.40)	Acc@1 20.31 (17.92)	Acc@5 46.48 (44.70)
Epoch: [11][60/390]	Time 1.127 (0.460)	Data 1.028 (0.352)	Loss 3.54 (3.40)	Acc@1 14.84 (17.87)	Acc@5 39.06 (44.56)
Epoch: [11][70/390]	Time 0.124 (0.450)	Data 0.008 (0.342)	Loss 3.27 (3.41)	Acc@1 21.09 (17.88)	Acc@5 48.05 (44.40)
Epoch: [11][80/390]	Time 0.914 (0.450)	Data 0.808 (0.343)	Loss 3.24 (3.40)	Acc@1 18.75 (18.15)	Acc@5 46.48 (44.52)
Epoch: [11][90/390]	Time 0.117 (0.445)	Data 0.006 (0.338)	Loss 3.37 (3.40)	Acc@1 18.36 (18.14)	Acc@5 48.05 (44.62)
Epoch: [11][100/390]	Time 0.752 (0.443)	Data 0.647 (0.336)	Loss 3.50 (3.40)	Acc@1 14.84 (18.04)	Acc@5 40.23 (44.59)
Epoch: [11][110/390]	Time 0.104 (0.435)	Data 0.000 (0.328)	Loss 3.38 (3.40)	Acc@1 16.80 (18.03)	Acc@5 44.14 (44.48)
Epoch: [11][120/390]	Time 0.639 (0.430)	Data 0.536 (0.323)	Loss 3.21 (3.40)	Acc@1 23.83 (18.14)	Acc@5 49.22 (44.60)
Epoch: [11][130/390]	Time 0.107 (0.424)	Data 0.000 (0.316)	Loss 3.52 (3.40)	Acc@1 16.41 (18.12)	Acc@5 35.94 (44.50)
Epoch: [11][140/390]	Time 0.414 (0.418)	Data 0.305 (0.311)	Loss 3.34 (3.40)	Acc@1 18.36 (18.22)	Acc@5 46.09 (44.58)
Epoch: [11][150/390]	Time 0.110 (0.415)	Data 0.007 (0.308)	Loss 3.36 (3.40)	Acc@1 18.75 (18.21)	Acc@5 44.92 (44.52)
Epoch: [11][160/390]	Time 0.179 (0.408)	Data 0.075 (0.301)	Loss 3.44 (3.40)	Acc@1 20.70 (18.25)	Acc@5 44.92 (44.50)
Epoch: [11][170/390]	Time 0.133 (0.408)	Data 0.011 (0.301)	Loss 3.29 (3.39)	Acc@1 19.14 (18.34)	Acc@5 46.09 (44.49)
Epoch: [11][180/390]	Time 0.108 (0.405)	Data 0.004 (0.298)	Loss 3.31 (3.39)	Acc@1 21.09 (18.36)	Acc@5 47.27 (44.53)
Epoch: [11][190/390]	Time 0.111 (0.404)	Data 0.000 (0.297)	Loss 3.23 (3.39)	Acc@1 21.09 (18.36)	Acc@5 51.56 (44.57)
Epoch: [11][200/390]	Time 0.208 (0.399)	Data 0.099 (0.292)	Loss 3.44 (3.39)	Acc@1 14.84 (18.35)	Acc@5 41.80 (44.47)
Epoch: [11][210/390]	Time 0.107 (0.398)	Data 0.001 (0.291)	Loss 3.31 (3.39)	Acc@1 18.36 (18.35)	Acc@5 45.70 (44.47)
Epoch: [11][220/390]	Time 0.206 (0.394)	Data 0.097 (0.287)	Loss 3.29 (3.39)	Acc@1 21.88 (18.35)	Acc@5 44.92 (44.46)
Epoch: [11][230/390]	Time 0.109 (0.394)	Data 0.000 (0.287)	Loss 3.35 (3.39)	Acc@1 21.09 (18.39)	Acc@5 44.14 (44.53)
Epoch: [11][240/390]	Time 0.237 (0.390)	Data 0.136 (0.283)	Loss 3.31 (3.39)	Acc@1 15.62 (18.43)	Acc@5 42.97 (44.63)
Epoch: [11][250/390]	Time 0.116 (0.390)	Data 0.000 (0.283)	Loss 3.36 (3.39)	Acc@1 16.02 (18.40)	Acc@5 44.92 (44.61)
Epoch: [11][260/390]	Time 0.373 (0.387)	Data 0.270 (0.280)	Loss 3.30 (3.38)	Acc@1 17.97 (18.46)	Acc@5 44.92 (44.66)
Epoch: [11][270/390]	Time 0.100 (0.386)	Data 0.000 (0.279)	Loss 3.37 (3.39)	Acc@1 18.36 (18.47)	Acc@5 48.44 (44.66)
Epoch: [11][280/390]	Time 0.590 (0.385)	Data 0.485 (0.278)	Loss 3.41 (3.38)	Acc@1 15.23 (18.46)	Acc@5 43.75 (44.68)
Epoch: [11][290/390]	Time 0.107 (0.384)	Data 0.003 (0.277)	Loss 3.40 (3.38)	Acc@1 18.36 (18.54)	Acc@5 42.97 (44.83)
Epoch: [11][300/390]	Time 0.593 (0.382)	Data 0.492 (0.275)	Loss 3.33 (3.38)	Acc@1 21.88 (18.55)	Acc@5 46.09 (44.83)
Epoch: [11][310/390]	Time 0.104 (0.381)	Data 0.000 (0.275)	Loss 3.61 (3.38)	Acc@1 15.62 (18.48)	Acc@5 39.84 (44.78)
Epoch: [11][320/390]	Time 0.712 (0.381)	Data 0.609 (0.274)	Loss 3.43 (3.38)	Acc@1 18.75 (18.49)	Acc@5 44.92 (44.78)
Epoch: [11][330/390]	Time 0.115 (0.379)	Data 0.003 (0.272)	Loss 3.41 (3.38)	Acc@1 15.62 (18.50)	Acc@5 41.80 (44.80)
Epoch: [11][340/390]	Time 0.309 (0.378)	Data 0.203 (0.271)	Loss 3.38 (3.38)	Acc@1 21.09 (18.53)	Acc@5 44.92 (44.83)
Epoch: [11][350/390]	Time 0.103 (0.379)	Data 0.000 (0.272)	Loss 3.54 (3.38)	Acc@1 17.97 (18.53)	Acc@5 39.84 (44.82)
Epoch: [11][360/390]	Time 0.169 (0.377)	Data 0.045 (0.270)	Loss 3.29 (3.38)	Acc@1 19.92 (18.52)	Acc@5 48.44 (44.86)
Epoch: [11][370/390]	Time 0.103 (0.378)	Data 0.003 (0.271)	Loss 3.31 (3.38)	Acc@1 19.14 (18.51)	Acc@5 48.44 (44.84)
Epoch: [11][380/390]	Time 0.295 (0.376)	Data 0.185 (0.269)	Loss 3.29 (3.38)	Acc@1 20.31 (18.50)	Acc@5 48.83 (44.86)
[Training]: Epoch 11 finished with lr=0.097092
Test: [0/100]	Time 0.528 (0.528)	Acc@1 29.00 (29.00)	Acc@5 56.00 (56.00)
Test: [10/100]	Time 0.025 (0.123)	Acc@1 21.00 (23.64)	Acc@5 46.00 (51.27)
Test: [20/100]	Time 0.302 (0.118)	Acc@1 18.00 (22.29)	Acc@5 42.00 (50.67)
Test: [30/100]	Time 0.019 (0.107)	Acc@1 18.00 (21.39)	Acc@5 53.00 (49.77)
Test: [40/100]	Time 0.325 (0.109)	Acc@1 23.00 (21.68)	Acc@5 49.00 (50.17)
Test: [50/100]	Time 0.036 (0.102)	Acc@1 19.00 (21.71)	Acc@5 49.00 (49.96)
Test: [60/100]	Time 0.288 (0.103)	Acc@1 22.00 (21.56)	Acc@5 55.00 (50.00)
Test: [70/100]	Time 0.021 (0.100)	Acc@1 21.00 (21.72)	Acc@5 54.00 (49.92)
Test: [80/100]	Time 0.311 (0.101)	Acc@1 19.00 (21.83)	Acc@5 52.00 (50.09)
Test: [90/100]	Time 0.028 (0.099)	Acc@1 22.00 (21.62)	Acc@5 49.00 (50.00)
******Acc@1 21.410 Acc@5 49.850
Epoch: [12][0/390]	Time 1.799 (1.799)	Data 1.636 (1.636)	Loss 3.38 (3.38)	Acc@1 17.58 (17.58)	Acc@5 44.14 (44.14)
Epoch: [12][10/390]	Time 0.102 (0.438)	Data 0.001 (0.326)	Loss 3.26 (3.35)	Acc@1 19.53 (19.11)	Acc@5 48.44 (45.88)
Epoch: [12][20/390]	Time 0.975 (0.408)	Data 0.877 (0.300)	Loss 3.46 (3.34)	Acc@1 20.70 (19.36)	Acc@5 41.02 (45.83)
Epoch: [12][30/390]	Time 0.135 (0.378)	Data 0.018 (0.271)	Loss 3.33 (3.32)	Acc@1 17.19 (19.62)	Acc@5 48.83 (46.38)
Epoch: [12][40/390]	Time 0.937 (0.379)	Data 0.838 (0.273)	Loss 3.28 (3.32)	Acc@1 17.58 (19.78)	Acc@5 45.31 (46.64)
Epoch: [12][50/390]	Time 0.108 (0.364)	Data 0.006 (0.258)	Loss 3.37 (3.33)	Acc@1 21.88 (19.57)	Acc@5 44.92 (46.38)
Epoch: [12][60/390]	Time 0.924 (0.367)	Data 0.799 (0.261)	Loss 3.30 (3.32)	Acc@1 19.53 (19.68)	Acc@5 45.31 (46.68)
Epoch: [12][70/390]	Time 0.103 (0.365)	Data 0.000 (0.258)	Loss 3.34 (3.32)	Acc@1 16.80 (19.57)	Acc@5 44.14 (46.75)
Epoch: [12][80/390]	Time 0.805 (0.367)	Data 0.696 (0.260)	Loss 3.26 (3.32)	Acc@1 23.05 (19.47)	Acc@5 50.00 (46.60)
Epoch: [12][90/390]	Time 0.114 (0.361)	Data 0.004 (0.255)	Loss 3.27 (3.32)	Acc@1 24.22 (19.51)	Acc@5 48.44 (46.46)
Epoch: [12][100/390]	Time 0.892 (0.369)	Data 0.785 (0.262)	Loss 3.34 (3.32)	Acc@1 17.97 (19.59)	Acc@5 42.97 (46.54)
Epoch: [12][110/390]	Time 0.113 (0.364)	Data 0.006 (0.257)	Loss 3.26 (3.32)	Acc@1 21.48 (19.74)	Acc@5 46.09 (46.66)
Epoch: [12][120/390]	Time 0.961 (0.367)	Data 0.862 (0.260)	Loss 3.39 (3.32)	Acc@1 22.66 (19.78)	Acc@5 47.27 (46.68)
Epoch: [12][130/390]	Time 0.111 (0.362)	Data 0.000 (0.256)	Loss 3.25 (3.32)	Acc@1 23.83 (19.84)	Acc@5 46.88 (46.80)
Epoch: [12][140/390]	Time 1.200 (0.367)	Data 1.091 (0.260)	Loss 3.34 (3.32)	Acc@1 22.66 (19.90)	Acc@5 43.75 (46.76)
Epoch: [12][150/390]	Time 0.102 (0.361)	Data 0.000 (0.255)	Loss 3.26 (3.32)	Acc@1 19.53 (19.89)	Acc@5 46.48 (46.68)
Epoch: [12][160/390]	Time 0.891 (0.363)	Data 0.780 (0.256)	Loss 3.26 (3.32)	Acc@1 18.75 (19.84)	Acc@5 45.70 (46.72)
Epoch: [12][170/390]	Time 0.108 (0.360)	Data 0.000 (0.253)	Loss 3.57 (3.32)	Acc@1 14.06 (19.80)	Acc@5 42.58 (46.70)
Epoch: [12][180/390]	Time 0.919 (0.362)	Data 0.796 (0.255)	Loss 3.39 (3.32)	Acc@1 18.75 (19.79)	Acc@5 46.88 (46.63)
Epoch: [12][190/390]	Time 0.121 (0.359)	Data 0.016 (0.252)	Loss 3.30 (3.32)	Acc@1 22.27 (19.79)	Acc@5 47.66 (46.64)
Epoch: [12][200/390]	Time 1.119 (0.361)	Data 1.007 (0.255)	Loss 3.40 (3.32)	Acc@1 19.92 (19.76)	Acc@5 43.36 (46.66)
Epoch: [12][210/390]	Time 0.102 (0.358)	Data 0.001 (0.252)	Loss 3.15 (3.32)	Acc@1 22.27 (19.79)	Acc@5 51.56 (46.65)
Epoch: [12][220/390]	Time 0.865 (0.359)	Data 0.752 (0.253)	Loss 3.35 (3.32)	Acc@1 18.36 (19.75)	Acc@5 45.31 (46.51)
Epoch: [12][230/390]	Time 0.106 (0.357)	Data 0.003 (0.250)	Loss 3.26 (3.33)	Acc@1 20.70 (19.69)	Acc@5 44.14 (46.41)
Epoch: [12][240/390]	Time 1.123 (0.359)	Data 1.011 (0.252)	Loss 3.25 (3.32)	Acc@1 21.88 (19.72)	Acc@5 45.70 (46.45)
Epoch: [12][250/390]	Time 0.123 (0.356)	Data 0.007 (0.249)	Loss 3.20 (3.32)	Acc@1 22.27 (19.74)	Acc@5 50.39 (46.46)
Epoch: [12][260/390]	Time 0.960 (0.357)	Data 0.853 (0.251)	Loss 3.36 (3.32)	Acc@1 17.58 (19.71)	Acc@5 43.75 (46.46)
Epoch: [12][270/390]	Time 0.118 (0.357)	Data 0.003 (0.251)	Loss 3.33 (3.32)	Acc@1 19.14 (19.74)	Acc@5 47.66 (46.50)
Epoch: [12][280/390]	Time 0.884 (0.359)	Data 0.782 (0.252)	Loss 3.32 (3.32)	Acc@1 19.53 (19.73)	Acc@5 48.83 (46.50)
Epoch: [12][290/390]	Time 0.109 (0.357)	Data 0.003 (0.251)	Loss 3.33 (3.32)	Acc@1 19.92 (19.73)	Acc@5 43.36 (46.52)
Epoch: [12][300/390]	Time 1.089 (0.358)	Data 0.974 (0.251)	Loss 3.35 (3.32)	Acc@1 21.48 (19.75)	Acc@5 43.75 (46.56)
Epoch: [12][310/390]	Time 0.103 (0.356)	Data 0.000 (0.250)	Loss 3.31 (3.32)	Acc@1 19.92 (19.74)	Acc@5 45.70 (46.56)
Epoch: [12][320/390]	Time 1.176 (0.358)	Data 1.069 (0.251)	Loss 3.20 (3.32)	Acc@1 22.27 (19.71)	Acc@5 49.22 (46.60)
Epoch: [12][330/390]	Time 0.109 (0.356)	Data 0.000 (0.249)	Loss 3.25 (3.32)	Acc@1 21.48 (19.69)	Acc@5 49.22 (46.62)
Epoch: [12][340/390]	Time 1.028 (0.358)	Data 0.918 (0.251)	Loss 3.26 (3.32)	Acc@1 25.00 (19.71)	Acc@5 48.83 (46.72)
Epoch: [12][350/390]	Time 0.114 (0.356)	Data 0.005 (0.250)	Loss 3.36 (3.31)	Acc@1 19.14 (19.75)	Acc@5 48.05 (46.75)
Epoch: [12][360/390]	Time 1.140 (0.357)	Data 1.021 (0.251)	Loss 3.22 (3.31)	Acc@1 21.09 (19.76)	Acc@5 49.22 (46.70)
Epoch: [12][370/390]	Time 0.109 (0.356)	Data 0.000 (0.250)	Loss 3.33 (3.31)	Acc@1 19.92 (19.78)	Acc@5 46.09 (46.73)
Epoch: [12][380/390]	Time 1.100 (0.357)	Data 0.991 (0.250)	Loss 3.19 (3.31)	Acc@1 24.61 (19.84)	Acc@5 49.22 (46.76)
[Training]: Epoch 12 finished with lr=0.096056
Test: [0/100]	Time 0.525 (0.525)	Acc@1 30.00 (30.00)	Acc@5 50.00 (50.00)
Test: [10/100]	Time 0.019 (0.117)	Acc@1 19.00 (23.09)	Acc@5 45.00 (52.91)
Test: [20/100]	Time 0.265 (0.112)	Acc@1 23.00 (21.95)	Acc@5 51.00 (52.29)
Test: [30/100]	Time 0.043 (0.103)	Acc@1 21.00 (21.58)	Acc@5 53.00 (51.81)
Test: [40/100]	Time 0.249 (0.104)	Acc@1 26.00 (22.44)	Acc@5 56.00 (52.24)
Test: [50/100]	Time 0.032 (0.101)	Acc@1 25.00 (22.75)	Acc@5 46.00 (52.10)
Test: [60/100]	Time 0.329 (0.103)	Acc@1 26.00 (22.64)	Acc@5 50.00 (51.75)
Test: [70/100]	Time 0.036 (0.100)	Acc@1 23.00 (22.85)	Acc@5 51.00 (51.87)
Test: [80/100]	Time 0.283 (0.101)	Acc@1 22.00 (22.90)	Acc@5 57.00 (51.90)
Test: [90/100]	Time 0.021 (0.099)	Acc@1 25.00 (22.85)	Acc@5 49.00 (51.71)
******Acc@1 22.560 Acc@5 51.610
